Using pre-set license
Built from '2020.3/staging' branch; Version is '2020.3.18f1 (a7d1c678663c) revision 10998214'; Using compiler version '192528614'; Build Type 'Release'
OS: 'Windows 10 Education; OS build 19042.1288; Version 2009; 64bit' Language: 'en' Physical Memory: 16315 MB
BatchMode: 1, IsHumanControllingUs: 0, StartBugReporterOnCrash: 0, Is64bit: 1, IsPro: 0

COMMAND LINE ARGUMENTS:
C:\Program Files\Unity\Hub\Editor\2020.3.18f1\Editor\Unity.exe
-adb2
-batchMode
-noUpm
-name
AssetImportWorker0
-projectPath
A:/Basic System/Documents/Unity/Geograppler/Geograppler/Geograppler
-logFile
Logs/AssetImportWorker0.log
-srvPort
61488
Successfully changed project path to: A:/Basic System/Documents/Unity/Geograppler/Geograppler/Geograppler
A:/Basic System/Documents/Unity/Geograppler/Geograppler/Geograppler
Using Asset Import Pipeline V2.
Refreshing native plugins compatible for Editor in 64.98 ms, found 3 plugins.
Preloading 0 native plugins for Editor in 0.00 ms.
Initialize engine version: 2020.3.18f1 (a7d1c678663c)
[Subsystems] Discovering subsystems at path C:/Program Files/Unity/Hub/Editor/2020.3.18f1/Editor/Data/Resources/UnitySubsystems
[Subsystems] Discovering subsystems at path A:/Basic System/Documents/Unity/Geograppler/Geograppler/Geograppler/Assets
GfxDevice: creating device client; threaded=0
Direct3D:
    Version:  Direct3D 11.0 [level 11.1]
    Renderer: NVIDIA GeForce RTX 2080 (ID=0x1e82)
    Vendor:   
    VRAM:     8010 MB
    Driver:   30.0.14.9649
Initialize mono
Mono path[0] = 'C:/Program Files/Unity/Hub/Editor/2020.3.18f1/Editor/Data/Managed'
Mono path[1] = 'C:/Program Files/Unity/Hub/Editor/2020.3.18f1/Editor/Data/MonoBleedingEdge/lib/mono/unityjit'
Mono config path = 'C:/Program Files/Unity/Hub/Editor/2020.3.18f1/Editor/Data/MonoBleedingEdge/etc'
Using monoOptions --debugger-agent=transport=dt_socket,embedding=1,server=y,suspend=n,address=127.0.0.1:56380
Begin MonoManager ReloadAssembly
Registering precompiled unity dll's ...
Register platform support module: C:/Program Files/Unity/Hub/Editor/2020.3.18f1/Editor/Data/PlaybackEngines/WindowsStandaloneSupport/UnityEditor.WindowsStandalone.Extensions.dll
Registered in 0.003568 seconds.
Native extension for WindowsStandalone target not found
Refreshing native plugins compatible for Editor in 53.51 ms, found 3 plugins.
Preloading 0 native plugins for Editor in 0.00 ms.
Mono: successfully reloaded assembly
- Completed reload, in  1.576 seconds
Domain Reload Profiling:
	ReloadAssembly (1576ms)
		BeginReloadAssembly (73ms)
			ExecutionOrderSort (0ms)
			DisableScriptedObjects (0ms)
			BackupInstance (0ms)
			ReleaseScriptingObjects (0ms)
			CreateAndSetChildDomain (1ms)
		EndReloadAssembly (533ms)
			LoadAssemblies (69ms)
			RebuildTransferFunctionScriptingTraits (0ms)
			SetupTypeCache (189ms)
			ReleaseScriptCaches (0ms)
			RebuildScriptCaches (38ms)
			SetupLoadedEditorAssemblies (212ms)
				LogAssemblyErrors (0ms)
				InitializePlatformSupportModulesInManaged (5ms)
				SetLoadedEditorAssemblies (0ms)
				RefreshPlugins (54ms)
				BeforeProcessingInitializeOnLoad (16ms)
				ProcessInitializeOnLoadAttributes (101ms)
				ProcessInitializeOnLoadMethodAttributes (35ms)
				AfterProcessingInitializeOnLoad (0ms)
				EditorAssembliesLoaded (0ms)
			ExecutionOrderSort2 (0ms)
			AwakeInstancesAfterBackupRestoration (0ms)
Platform modules already initialized, skipping
Registering precompiled user dll's ...
Registered in 0.013912 seconds.
Begin MonoManager ReloadAssembly
Native extension for WindowsStandalone target not found
Refreshing native plugins compatible for Editor in 52.86 ms, found 3 plugins.
Preloading 0 native plugins for Editor in 0.00 ms.
Mono: successfully reloaded assembly
- Completed reload, in  1.363 seconds
Domain Reload Profiling:
	ReloadAssembly (1365ms)
		BeginReloadAssembly (181ms)
			ExecutionOrderSort (0ms)
			DisableScriptedObjects (6ms)
			BackupInstance (0ms)
			ReleaseScriptingObjects (0ms)
			CreateAndSetChildDomain (22ms)
		EndReloadAssembly (1102ms)
			LoadAssemblies (112ms)
			RebuildTransferFunctionScriptingTraits (0ms)
			SetupTypeCache (351ms)
			ReleaseScriptCaches (1ms)
			RebuildScriptCaches (56ms)
			SetupLoadedEditorAssemblies (428ms)
				LogAssemblyErrors (0ms)
				InitializePlatformSupportModulesInManaged (5ms)
				SetLoadedEditorAssemblies (0ms)
				RefreshPlugins (53ms)
				BeforeProcessingInitializeOnLoad (95ms)
				ProcessInitializeOnLoadAttributes (247ms)
				ProcessInitializeOnLoadMethodAttributes (16ms)
				AfterProcessingInitializeOnLoad (11ms)
				EditorAssembliesLoaded (0ms)
			ExecutionOrderSort2 (0ms)
			AwakeInstancesAfterBackupRestoration (8ms)
Platform modules already initialized, skipping
========================================================================
Worker process is ready to serve import requests
Launched and connected shader compiler UnityShaderCompiler.exe after 0.08 seconds
Refreshing native plugins compatible for Editor in 0.77 ms, found 3 plugins.
Preloading 0 native plugins for Editor in 0.00 ms.
Unloading 2096 Unused Serialized files (Serialized files now loaded: 0)
System memory in use before: 93.3 MB.
System memory in use after: 93.4 MB.

Unloading 26 unused Assets to reduce memory usage. Loaded Objects now: 2536.
Total: 3.902600 ms (FindLiveObjects: 0.276200 ms CreateObjectMapping: 0.057800 ms MarkObjects: 3.468500 ms  DeleteObjects: 0.097900 ms)

AssetImportParameters requested are different than current active one (requested -> active):
  custom:framework-win-MediaFoundation: 216162199b28c13a410421893ffa2e32 -> 
  custom:video-decoder-ogg-theora: a1e56fd34408186e4bbccfd4996cb3dc -> 
  custom:container-muxer-webm: aa71ff27fc2769a1b78a27578f13a17b -> 
  custom:container-demuxer-webm: 4f35f7cbe854078d1ac9338744f61a02 -> 
  custom:container-demuxer-ogg: 62fdf1f143b41e24485cea50d1cbac27 -> 
  custom:video-encoder-webm-vp8: eb34c28f22e8b96e1ab97ce403110664 -> 
  custom:video-decoder-webm-vp8: 9c59270c3fd7afecdb556c50c9e8de78 -> 
  custom:audio-decoder-ogg-vorbis: bf7c407c2cedff20999df2af8eb42d56 -> 
  custom:audio-encoder-webm-vorbis: bf7c407c2cedff20999df2af8eb42d56 -> 
========================================================================
Received Import Request.
  path: Assets/CrosshairSprite.png
  artifactKey: Guid(895f6890c98533a42a1a3c76ad885ac7) Importer(815301076,1909f56bfc062723c751e8b465ee728b)
Start importing Assets/CrosshairSprite.png using Guid(895f6890c98533a42a1a3c76ad885ac7) Importer(815301076,1909f56bfc062723c751e8b465ee728b)  -> (artifact id: '6340989a88f696d9104bc117e8621b65') in 0.174314 seconds 
  Import took 0.178503 seconds .

========================================================================
Received Import Request.
  Time since last request: 0.000230 seconds.
  path: Assets/GrappingRopeMaterial.mat
  artifactKey: Guid(e743213b76129494aa73821fd5344264) Importer(815301076,1909f56bfc062723c751e8b465ee728b)
Start importing Assets/GrappingRopeMaterial.mat using Guid(e743213b76129494aa73821fd5344264) Importer(815301076,1909f56bfc062723c751e8b465ee728b)  -> (artifact id: '861ceb93c6e586d520a6c2d731959368') in 0.067917 seconds 
  Import took 0.072423 seconds .

========================================================================
Received Import Request.
  Time since last request: 0.028064 seconds.
  path: Assets/CrosshairSprite.png
  artifactKey: Guid(895f6890c98533a42a1a3c76ad885ac7) Importer(815301076,1909f56bfc062723c751e8b465ee728b)
Start importing Assets/CrosshairSprite.png using Guid(895f6890c98533a42a1a3c76ad885ac7) Importer(815301076,1909f56bfc062723c751e8b465ee728b)  -> (artifact id: '6340989a88f696d9104bc117e8621b65') in 0.013141 seconds 
  Import took 0.017388 seconds .

========================================================================
Received Import Request.
  Time since last request: 41.288240 seconds.
  path: Assets/Scripts/PlayerController.cs
  artifactKey: Guid(58738a199c4d12141877d2f679ccc20e) Importer(815301076,1909f56bfc062723c751e8b465ee728b)
Start importing Assets/Scripts/PlayerController.cs using Guid(58738a199c4d12141877d2f679ccc20e) Importer(815301076,1909f56bfc062723c751e8b465ee728b)  -> (artifact id: '20da32a0402344e30fd94c2c33235848') in 0.040491 seconds 
  Import took 0.044381 seconds .

========================================================================
Received Import Request.
  Time since last request: 1.688635 seconds.
  path: Assets/Scripts/CrosshairCursor.cs
  artifactKey: Guid(3a01078751591f747b520950d949be1b) Importer(815301076,1909f56bfc062723c751e8b465ee728b)
Start importing Assets/Scripts/CrosshairCursor.cs using Guid(3a01078751591f747b520950d949be1b) Importer(815301076,1909f56bfc062723c751e8b465ee728b)  -> (artifact id: 'f25a117fb8e89158dd00a8dfe4cb9437') in 0.008360 seconds 
  Import took 0.012388 seconds .

========================================================================
Received Import Request.
  Time since last request: 0.000928 seconds.
  path: Assets/Scripts/CrosshairCursor.cs
  artifactKey: Guid(3a01078751591f747b520950d949be1b) Importer(815301076,1909f56bfc062723c751e8b465ee728b)
Start importing Assets/Scripts/CrosshairCursor.cs using Guid(3a01078751591f747b520950d949be1b) Importer(815301076,1909f56bfc062723c751e8b465ee728b)  -> (artifact id: 'f25a117fb8e89158dd00a8dfe4cb9437') in 0.002672 seconds 
  Import took 0.006815 seconds .

========================================================================
Received Import Request.
  Time since last request: 2.584186 seconds.
  path: Assets/Scripts/BodyFlip.cs
  artifactKey: Guid(2049df4ffad90d04d87de6ad8756333e) Importer(815301076,1909f56bfc062723c751e8b465ee728b)
Start importing Assets/Scripts/BodyFlip.cs using Guid(2049df4ffad90d04d87de6ad8756333e) Importer(815301076,1909f56bfc062723c751e8b465ee728b)  -> (artifact id: '99c85653d9c753c7e8bd9981591d3ad3') in 0.008440 seconds 
  Import took 0.012178 seconds .

========================================================================
Received Prepare
Registering precompiled user dll's ...
Registered in 0.003604 seconds.
Begin MonoManager ReloadAssembly
Native extension for WindowsStandalone target not found
Refreshing native plugins compatible for Editor in 0.60 ms, found 3 plugins.
Preloading 0 native plugins for Editor in 0.00 ms.
Mono: successfully reloaded assembly
- Completed reload, in  1.248 seconds
Domain Reload Profiling:
	ReloadAssembly (1249ms)
		BeginReloadAssembly (143ms)
			ExecutionOrderSort (0ms)
			DisableScriptedObjects (7ms)
			BackupInstance (0ms)
			ReleaseScriptingObjects (0ms)
			CreateAndSetChildDomain (42ms)
		EndReloadAssembly (1016ms)
			LoadAssemblies (110ms)
			RebuildTransferFunctionScriptingTraits (0ms)
			SetupTypeCache (343ms)
			ReleaseScriptCaches (2ms)
			RebuildScriptCaches (57ms)
			SetupLoadedEditorAssemblies (381ms)
				LogAssemblyErrors (0ms)
				InitializePlatformSupportModulesInManaged (6ms)
				SetLoadedEditorAssemblies (1ms)
				RefreshPlugins (1ms)
				BeforeProcessingInitializeOnLoad (125ms)
				ProcessInitializeOnLoadAttributes (229ms)
				ProcessInitializeOnLoadMethodAttributes (8ms)
				AfterProcessingInitializeOnLoad (11ms)
				EditorAssembliesLoaded (0ms)
			ExecutionOrderSort2 (0ms)
			AwakeInstancesAfterBackupRestoration (13ms)
Platform modules already initialized, skipping
Refreshing native plugins compatible for Editor in 0.60 ms, found 3 plugins.
Preloading 0 native plugins for Editor in 0.00 ms.
Unloading 2086 Unused Serialized files (Serialized files now loaded: 0)
System memory in use before: 96.0 MB.
System memory in use after: 96.1 MB.

Unloading 15 unused Assets to reduce memory usage. Loaded Objects now: 2580.
Total: 3.783800 ms (FindLiveObjects: 0.299800 ms CreateObjectMapping: 0.058600 ms MarkObjects: 3.397600 ms  DeleteObjects: 0.024800 ms)

AssetImportParameters requested are different than current active one (requested -> active):
  custom:framework-win-MediaFoundation: 216162199b28c13a410421893ffa2e32 -> 
  custom:video-decoder-ogg-theora: a1e56fd34408186e4bbccfd4996cb3dc -> 
  custom:container-muxer-webm: aa71ff27fc2769a1b78a27578f13a17b -> 
  custom:container-demuxer-webm: 4f35f7cbe854078d1ac9338744f61a02 -> 
  custom:container-demuxer-ogg: 62fdf1f143b41e24485cea50d1cbac27 -> 
  custom:video-encoder-webm-vp8: eb34c28f22e8b96e1ab97ce403110664 -> 
  custom:video-decoder-webm-vp8: 9c59270c3fd7afecdb556c50c9e8de78 -> 
  custom:audio-decoder-ogg-vorbis: bf7c407c2cedff20999df2af8eb42d56 -> 
  custom:audio-encoder-webm-vorbis: bf7c407c2cedff20999df2af8eb42d56 -> 
========================================================================
Received Prepare
Registering precompiled user dll's ...
Registered in 0.003115 seconds.
Begin MonoManager ReloadAssembly
Native extension for WindowsStandalone target not found
Refreshing native plugins compatible for Editor in 0.56 ms, found 3 plugins.
Preloading 0 native plugins for Editor in 0.00 ms.
Mono: successfully reloaded assembly
- Completed reload, in  1.456 seconds
Domain Reload Profiling:
	ReloadAssembly (1457ms)
		BeginReloadAssembly (151ms)
			ExecutionOrderSort (0ms)
			DisableScriptedObjects (9ms)
			BackupInstance (0ms)
			ReleaseScriptingObjects (0ms)
			CreateAndSetChildDomain (48ms)
		EndReloadAssembly (1194ms)
			LoadAssemblies (138ms)
			RebuildTransferFunctionScriptingTraits (0ms)
			SetupTypeCache (388ms)
			ReleaseScriptCaches (1ms)
			RebuildScriptCaches (66ms)
			SetupLoadedEditorAssemblies (460ms)
				LogAssemblyErrors (0ms)
				InitializePlatformSupportModulesInManaged (7ms)
				SetLoadedEditorAssemblies (1ms)
				RefreshPlugins (1ms)
				BeforeProcessingInitializeOnLoad (137ms)
				ProcessInitializeOnLoadAttributes (294ms)
				ProcessInitializeOnLoadMethodAttributes (9ms)
				AfterProcessingInitializeOnLoad (12ms)
				EditorAssembliesLoaded (0ms)
			ExecutionOrderSort2 (0ms)
			AwakeInstancesAfterBackupRestoration (16ms)
Platform modules already initialized, skipping
Refreshing native plugins compatible for Editor in 0.62 ms, found 3 plugins.
Preloading 0 native plugins for Editor in 0.00 ms.
Unloading 2086 Unused Serialized files (Serialized files now loaded: 0)
System memory in use before: 96.0 MB.
System memory in use after: 96.1 MB.

Unloading 15 unused Assets to reduce memory usage. Loaded Objects now: 2582.
Total: 4.912400 ms (FindLiveObjects: 0.561200 ms CreateObjectMapping: 0.165500 ms MarkObjects: 4.153600 ms  DeleteObjects: 0.030300 ms)

AssetImportParameters requested are different than current active one (requested -> active):
  custom:framework-win-MediaFoundation: 216162199b28c13a410421893ffa2e32 -> 
  custom:video-decoder-ogg-theora: a1e56fd34408186e4bbccfd4996cb3dc -> 
  custom:container-muxer-webm: aa71ff27fc2769a1b78a27578f13a17b -> 
  custom:container-demuxer-webm: 4f35f7cbe854078d1ac9338744f61a02 -> 
  custom:container-demuxer-ogg: 62fdf1f143b41e24485cea50d1cbac27 -> 
  custom:video-encoder-webm-vp8: eb34c28f22e8b96e1ab97ce403110664 -> 
  custom:video-decoder-webm-vp8: 9c59270c3fd7afecdb556c50c9e8de78 -> 
  custom:audio-decoder-ogg-vorbis: bf7c407c2cedff20999df2af8eb42d56 -> 
  custom:audio-encoder-webm-vorbis: bf7c407c2cedff20999df2af8eb42d56 -> 
========================================================================
Received Import Request.
  Time since last request: 1755.233700 seconds.
  path: Packages/com.unity.2d.sprite
  artifactKey: Guid(0901a6b758d060e9422c4f8d588d5895) Importer(815301076,1909f56bfc062723c751e8b465ee728b)
Start importing Packages/com.unity.2d.sprite using Guid(0901a6b758d060e9422c4f8d588d5895) Importer(815301076,1909f56bfc062723c751e8b465ee728b)  -> (artifact id: '1ac9f0859ed1eccac4506b3b2480e9d0') in 0.013384 seconds 
  Import took 0.017849 seconds .

========================================================================
Received Import Request.
  Time since last request: 0.051799 seconds.
  path: Packages/com.unity.2d.sprite/package.json
  artifactKey: Guid(7dc5f1e5d04ac8549ac21802071e983b) Importer(815301076,1909f56bfc062723c751e8b465ee728b)
Start importing Packages/com.unity.2d.sprite/package.json using Guid(7dc5f1e5d04ac8549ac21802071e983b) Importer(815301076,1909f56bfc062723c751e8b465ee728b)  -> (artifact id: 'ff87128bdf6981a9843158b29f26b2df') in 0.038221 seconds 
  Import took 0.042080 seconds .

========================================================================
Received Import Request.
  Time since last request: 197.611234 seconds.
  path: Assets/BayatGames/Free Platform Game Assets
  artifactKey: Guid(fca484a638c989e4d899378f52d7c168) Importer(815301076,1909f56bfc062723c751e8b465ee728b)
Start importing Assets/BayatGames/Free Platform Game Assets using Guid(fca484a638c989e4d899378f52d7c168) Importer(815301076,1909f56bfc062723c751e8b465ee728b)  -> (artifact id: '0120225e48bde8cac3b770120d18dc87') in 0.009945 seconds 
  Import took 0.013761 seconds .

========================================================================
Received Import Request.
  Time since last request: 9.586965 seconds.
  path: Assets/BayatGames/Free Platform Game Assets/Tiles
  artifactKey: Guid(9967777a9fc49854c981eb9ebd1bb605) Importer(815301076,1909f56bfc062723c751e8b465ee728b)
Start importing Assets/BayatGames/Free Platform Game Assets/Tiles using Guid(9967777a9fc49854c981eb9ebd1bb605) Importer(815301076,1909f56bfc062723c751e8b465ee728b)  -> (artifact id: 'd51591b59ed37383e656f842f7eacd4b') in 0.008401 seconds 
  Import took 0.012034 seconds .

========================================================================
Received Import Request.
  Time since last request: 1.416265 seconds.
  path: Assets/BayatGames/Free Platform Game Assets/Tiles/2.5D Tiles
  artifactKey: Guid(92cb8106d7cfdfb4793ac2f0fd260028) Importer(815301076,1909f56bfc062723c751e8b465ee728b)
Start importing Assets/BayatGames/Free Platform Game Assets/Tiles/2.5D Tiles using Guid(92cb8106d7cfdfb4793ac2f0fd260028) Importer(815301076,1909f56bfc062723c751e8b465ee728b)  -> (artifact id: '7ea699181b1677d18aad4cb73975062f') in 0.008182 seconds 
  Import took 0.012055 seconds .

========================================================================
Received Import Request.
  Time since last request: 1.406539 seconds.
  path: Assets/BayatGames/Free Platform Game Assets/Tiles/2.5D Tiles/Spring
  artifactKey: Guid(93b736106b0ccdc428b6af3d52b8eef2) Importer(815301076,1909f56bfc062723c751e8b465ee728b)
Start importing Assets/BayatGames/Free Platform Game Assets/Tiles/2.5D Tiles/Spring using Guid(93b736106b0ccdc428b6af3d52b8eef2) Importer(815301076,1909f56bfc062723c751e8b465ee728b)  -> (artifact id: '72e8161f5da866888a4b5337426cf177') in 0.008510 seconds 
  Import took 0.012290 seconds .

========================================================================
Received Import Request.
  Time since last request: 0.973410 seconds.
  path: Assets/BayatGames/Free Platform Game Assets/Tiles/2.5D Tiles/Spring/png
  artifactKey: Guid(c62cdd51d54f8eb4284dacc93e118ddc) Importer(815301076,1909f56bfc062723c751e8b465ee728b)
Start importing Assets/BayatGames/Free Platform Game Assets/Tiles/2.5D Tiles/Spring/png using Guid(c62cdd51d54f8eb4284dacc93e118ddc) Importer(815301076,1909f56bfc062723c751e8b465ee728b)  -> (artifact id: '0e0337082052c98c15eab01b0a25c68b') in 0.008409 seconds 
  Import took 0.012621 seconds .

========================================================================
Received Import Request.
  Time since last request: 1.393731 seconds.
  path: Assets/BayatGames/Free Platform Game Assets/Tiles/2.5D Tiles/Spring/png/128x128
  artifactKey: Guid(abe7da9f11c47fa4eb07753f3da0e7aa) Importer(815301076,1909f56bfc062723c751e8b465ee728b)
Start importing Assets/BayatGames/Free Platform Game Assets/Tiles/2.5D Tiles/Spring/png/128x128 using Guid(abe7da9f11c47fa4eb07753f3da0e7aa) Importer(815301076,1909f56bfc062723c751e8b465ee728b)  -> (artifact id: '580148383f0f0bccacb36945e7a3daaa') in 0.007718 seconds 
  Import took 0.011558 seconds .

========================================================================
Received Import Request.
  Time since last request: 0.044007 seconds.
  path: Assets/BayatGames/Free Platform Game Assets/Tiles/2.5D Tiles/Spring/png/128x128/Asset 40.png
  artifactKey: Guid(9c400249c3a8d0449a0776ffc43ab5a7) Importer(815301076,1909f56bfc062723c751e8b465ee728b)
Start importing Assets/BayatGames/Free Platform Game Assets/Tiles/2.5D Tiles/Spring/png/128x128/Asset 40.png using Guid(9c400249c3a8d0449a0776ffc43ab5a7) Importer(815301076,1909f56bfc062723c751e8b465ee728b)  -> (artifact id: 'c167ed39663a5da745b82deae3444f2d') in 0.054152 seconds 
  Import took 0.058409 seconds .

========================================================================
Received Import Request.
  Time since last request: 0.000222 seconds.
  path: Assets/BayatGames/Free Platform Game Assets/Tiles/2.5D Tiles/Spring/png/128x128/DirtRight.png
  artifactKey: Guid(133e6794d166c4d4594417a1d8523cf3) Importer(815301076,1909f56bfc062723c751e8b465ee728b)
Start importing Assets/BayatGames/Free Platform Game Assets/Tiles/2.5D Tiles/Spring/png/128x128/DirtRight.png using Guid(133e6794d166c4d4594417a1d8523cf3) Importer(815301076,1909f56bfc062723c751e8b465ee728b)  -> (artifact id: 'add42e0e7776686387df551b92404cc7') in 0.021011 seconds 
  Import took 0.025245 seconds .

========================================================================
Received Import Request.
  Time since last request: 0.000213 seconds.
  path: Assets/BayatGames/Free Platform Game Assets/Tiles/2.5D Tiles/Spring/png/128x128/column_up.png
  artifactKey: Guid(a5e452d9c123fca4ba97036b370efebe) Importer(815301076,1909f56bfc062723c751e8b465ee728b)
Start importing Assets/BayatGames/Free Platform Game Assets/Tiles/2.5D Tiles/Spring/png/128x128/column_up.png using Guid(a5e452d9c123fca4ba97036b370efebe) Importer(815301076,1909f56bfc062723c751e8b465ee728b)  -> (artifact id: 'b2346e56871291270315ff6238bda2ab') in 0.024289 seconds 
  Import took 0.028234 seconds .

========================================================================
Received Import Request.
  Time since last request: 0.000290 seconds.
  path: Assets/BayatGames/Free Platform Game Assets/Tiles/2.5D Tiles/Spring/png/128x128/DirtDown.png
  artifactKey: Guid(fe0fe4dd67749a34f8d9fef85e7c745c) Importer(815301076,1909f56bfc062723c751e8b465ee728b)
Start importing Assets/BayatGames/Free Platform Game Assets/Tiles/2.5D Tiles/Spring/png/128x128/DirtDown.png using Guid(fe0fe4dd67749a34f8d9fef85e7c745c) Importer(815301076,1909f56bfc062723c751e8b465ee728b)  -> (artifact id: '40942a70c54601a110a16c2d758e9fa6') in 0.025419 seconds 
  Import took 0.029266 seconds .

========================================================================
Received Import Request.
  Time since last request: 0.000282 seconds.
  path: Assets/BayatGames/Free Platform Game Assets/Tiles/2.5D Tiles/Spring/png/128x128/GrassJoinHillLeft.png
  artifactKey: Guid(383dea8737240104281d17c2d10d9eb5) Importer(815301076,1909f56bfc062723c751e8b465ee728b)
Start importing Assets/BayatGames/Free Platform Game Assets/Tiles/2.5D Tiles/Spring/png/128x128/GrassJoinHillLeft.png using Guid(383dea8737240104281d17c2d10d9eb5) Importer(815301076,1909f56bfc062723c751e8b465ee728b)  -> (artifact id: '96146563bf2d810bcf782bde8a07c18a') in 0.020425 seconds 
  Import took 0.024156 seconds .

========================================================================
Received Import Request.
  Time since last request: 0.000234 seconds.
  path: Assets/BayatGames/Free Platform Game Assets/Tiles/2.5D Tiles/Spring/png/128x128/GrassHillLeft.png
  artifactKey: Guid(4fb12cb17d6793c48af241272932de0b) Importer(815301076,1909f56bfc062723c751e8b465ee728b)
Start importing Assets/BayatGames/Free Platform Game Assets/Tiles/2.5D Tiles/Spring/png/128x128/GrassHillLeft.png using Guid(4fb12cb17d6793c48af241272932de0b) Importer(815301076,1909f56bfc062723c751e8b465ee728b)  -> (artifact id: '781993ef45f735e7e3fc5e99a0b9114a') in 0.024185 seconds 
  Import took 0.028677 seconds .

========================================================================
Received Import Request.
  Time since last request: 0.000315 seconds.
  path: Assets/BayatGames/Free Platform Game Assets/Tiles/2.5D Tiles/Spring/png/128x128/GrassHillLeft2_Down Shadow.png
  artifactKey: Guid(c200e6840bfe39744ac6f64bf2cc47ad) Importer(815301076,1909f56bfc062723c751e8b465ee728b)
Start importing Assets/BayatGames/Free Platform Game Assets/Tiles/2.5D Tiles/Spring/png/128x128/GrassHillLeft2_Down Shadow.png using Guid(c200e6840bfe39744ac6f64bf2cc47ad) Importer(815301076,1909f56bfc062723c751e8b465ee728b)  -> (artifact id: 'f47b9072d209a11991fcb085ddd3ced6') in 0.024688 seconds 
  Import took 0.028864 seconds .

========================================================================
Received Import Request.
  Time since last request: 0.000265 seconds.
  path: Assets/BayatGames/Free Platform Game Assets/Tiles/2.5D Tiles/Spring/png/128x128/column_down.png
  artifactKey: Guid(416f7581c5f0ad24c9d91e8f3c4f84c3) Importer(815301076,1909f56bfc062723c751e8b465ee728b)
Start importing Assets/BayatGames/Free Platform Game Assets/Tiles/2.5D Tiles/Spring/png/128x128/column_down.png using Guid(416f7581c5f0ad24c9d91e8f3c4f84c3) Importer(815301076,1909f56bfc062723c751e8b465ee728b)  -> (artifact id: '99da75d54b82b171733016fb731c2b7d') in 0.017248 seconds 
  Import took 0.021177 seconds .

========================================================================
Received Import Request.
  Time since last request: 0.000231 seconds.
  path: Assets/BayatGames/Free Platform Game Assets/Tiles/2.5D Tiles/Spring/png/128x128/GrassHillLeft2.png
  artifactKey: Guid(f881c1ec005677a47bbc191b73b15c59) Importer(815301076,1909f56bfc062723c751e8b465ee728b)
Start importing Assets/BayatGames/Free Platform Game Assets/Tiles/2.5D Tiles/Spring/png/128x128/GrassHillLeft2.png using Guid(f881c1ec005677a47bbc191b73b15c59) Importer(815301076,1909f56bfc062723c751e8b465ee728b)  -> (artifact id: 'd7484d808c533b4ed85e4ebead672ff1') in 0.016973 seconds 
  Import took 0.020989 seconds .

========================================================================
Received Import Request.
  Time since last request: 0.000225 seconds.
  path: Assets/BayatGames/Free Platform Game Assets/Tiles/2.5D Tiles/Spring/png/128x128/GrassJoinHillRight.png
  artifactKey: Guid(908c94f42d3f220499d0c189115dd74c) Importer(815301076,1909f56bfc062723c751e8b465ee728b)
Start importing Assets/BayatGames/Free Platform Game Assets/Tiles/2.5D Tiles/Spring/png/128x128/GrassJoinHillRight.png using Guid(908c94f42d3f220499d0c189115dd74c) Importer(815301076,1909f56bfc062723c751e8b465ee728b)  -> (artifact id: 'cfe8ab9f093aa67579da25a4839e1538') in 0.019869 seconds 
  Import took 0.023450 seconds .

========================================================================
Received Import Request.
  Time since last request: 0.000227 seconds.
  path: Assets/BayatGames/Free Platform Game Assets/Tiles/2.5D Tiles/Spring/png/128x128/GrassHillRight2_Down Shadow.png
  artifactKey: Guid(1d503eb707a935a4dad46869b6c33292) Importer(815301076,1909f56bfc062723c751e8b465ee728b)
Start importing Assets/BayatGames/Free Platform Game Assets/Tiles/2.5D Tiles/Spring/png/128x128/GrassHillRight2_Down Shadow.png using Guid(1d503eb707a935a4dad46869b6c33292) Importer(815301076,1909f56bfc062723c751e8b465ee728b)  -> (artifact id: '26889e1d2c60eec4175d84073390fe3b') in 0.018259 seconds 
  Import took 0.022451 seconds .

========================================================================
Received Import Request.
  Time since last request: 0.000377 seconds.
  path: Assets/BayatGames/Free Platform Game Assets/Tiles/2.5D Tiles/Spring/png/128x128/Column.png
  artifactKey: Guid(2c6da6de413f9d247857d8db01202bc2) Importer(815301076,1909f56bfc062723c751e8b465ee728b)
Start importing Assets/BayatGames/Free Platform Game Assets/Tiles/2.5D Tiles/Spring/png/128x128/Column.png using Guid(2c6da6de413f9d247857d8db01202bc2) Importer(815301076,1909f56bfc062723c751e8b465ee728b)  -> (artifact id: '70a6f30cbd3f0a9723aff38f6257b62f') in 0.017331 seconds 
  Import took 0.021784 seconds .

========================================================================
Received Import Request.
  Time since last request: 0.000320 seconds.
  path: Assets/BayatGames/Free Platform Game Assets/Tiles/2.5D Tiles/Spring/png/128x128/GrassJoinHillRight2&Left2_Down Shadow.png
  artifactKey: Guid(a2ad6f6ba1345e544a054e9e7a78f5e5) Importer(815301076,1909f56bfc062723c751e8b465ee728b)
Start importing Assets/BayatGames/Free Platform Game Assets/Tiles/2.5D Tiles/Spring/png/128x128/GrassJoinHillRight2&Left2_Down Shadow.png using Guid(a2ad6f6ba1345e544a054e9e7a78f5e5) Importer(815301076,1909f56bfc062723c751e8b465ee728b)  -> (artifact id: 'd5a9a1d8599ae3fd024cfb9f6126a0fe') in 0.019889 seconds 
  Import took 0.023712 seconds .

========================================================================
Received Import Request.
  Time since last request: 0.000270 seconds.
  path: Assets/BayatGames/Free Platform Game Assets/Tiles/2.5D Tiles/Spring/png/128x128/GrassRight.png
  artifactKey: Guid(1566c2951bcbc9d429763df0ca916c6a) Importer(815301076,1909f56bfc062723c751e8b465ee728b)
Start importing Assets/BayatGames/Free Platform Game Assets/Tiles/2.5D Tiles/Spring/png/128x128/GrassRight.png using Guid(1566c2951bcbc9d429763df0ca916c6a) Importer(815301076,1909f56bfc062723c751e8b465ee728b)  -> (artifact id: 'a7d1cbf3613d8b79ab2f61af371ac059') in 0.021475 seconds 
  Import took 0.026011 seconds .

========================================================================
Received Import Request.
  Time since last request: 0.000256 seconds.
  path: Assets/BayatGames/Free Platform Game Assets/Tiles/2.5D Tiles/Spring/png/128x128/GrassHillRight.png
  artifactKey: Guid(44c3787c259d8ec4e976e57df20d7a5e) Importer(815301076,1909f56bfc062723c751e8b465ee728b)
Start importing Assets/BayatGames/Free Platform Game Assets/Tiles/2.5D Tiles/Spring/png/128x128/GrassHillRight.png using Guid(44c3787c259d8ec4e976e57df20d7a5e) Importer(815301076,1909f56bfc062723c751e8b465ee728b)  -> (artifact id: '5dca4eb01385de046e3840f8a64b1cc3') in 0.017226 seconds 
  Import took 0.021078 seconds .

========================================================================
Received Import Request.
  Time since last request: 0.000209 seconds.
  path: Assets/BayatGames/Free Platform Game Assets/Tiles/2.5D Tiles/Spring/png/128x128/GrassCliffMid.png
  artifactKey: Guid(a2019109c41112544ab6ddebf4293445) Importer(815301076,1909f56bfc062723c751e8b465ee728b)
Start importing Assets/BayatGames/Free Platform Game Assets/Tiles/2.5D Tiles/Spring/png/128x128/GrassCliffMid.png using Guid(a2019109c41112544ab6ddebf4293445) Importer(815301076,1909f56bfc062723c751e8b465ee728b)  -> (artifact id: '33de4b3b2633e8a650879ad88f636dd9') in 0.018201 seconds 
  Import took 0.022218 seconds .

========================================================================
Received Import Request.
  Time since last request: 0.000260 seconds.
  path: Assets/BayatGames/Free Platform Game Assets/Tiles/2.5D Tiles/Spring/png/128x128/GrassHillRight2.png
  artifactKey: Guid(3e8f0396158959543bee68cf450ea04d) Importer(815301076,1909f56bfc062723c751e8b465ee728b)
Start importing Assets/BayatGames/Free Platform Game Assets/Tiles/2.5D Tiles/Spring/png/128x128/GrassHillRight2.png using Guid(3e8f0396158959543bee68cf450ea04d) Importer(815301076,1909f56bfc062723c751e8b465ee728b)  -> (artifact id: '1453d163f38796f2b2ec7f71a4f87778') in 0.018545 seconds 
  Import took 0.023163 seconds .

========================================================================
Received Import Request.
  Time since last request: 0.000290 seconds.
  path: Assets/BayatGames/Free Platform Game Assets/Tiles/2.5D Tiles/Spring/png/128x128/Grass.png
  artifactKey: Guid(d3400777b23b54143a1b71d432f5791c) Importer(815301076,1909f56bfc062723c751e8b465ee728b)
Start importing Assets/BayatGames/Free Platform Game Assets/Tiles/2.5D Tiles/Spring/png/128x128/Grass.png using Guid(d3400777b23b54143a1b71d432f5791c) Importer(815301076,1909f56bfc062723c751e8b465ee728b)  -> (artifact id: '98f7f19a4a40d84086e6223382280f88') in 0.019355 seconds 
  Import took 0.023279 seconds .

========================================================================
Received Import Request.
  Time since last request: 0.000238 seconds.
  path: Assets/BayatGames/Free Platform Game Assets/Tiles/2.5D Tiles/Spring/png/128x128/DirtLeftCorner.png
  artifactKey: Guid(094c988a0734a0544bbdf5628029b1f2) Importer(815301076,1909f56bfc062723c751e8b465ee728b)
Start importing Assets/BayatGames/Free Platform Game Assets/Tiles/2.5D Tiles/Spring/png/128x128/DirtLeftCorner.png using Guid(094c988a0734a0544bbdf5628029b1f2) Importer(815301076,1909f56bfc062723c751e8b465ee728b)  -> (artifact id: 'ab2ad5c90c62e68aaeb9177248ae9c1d') in 0.017930 seconds 
  Import took 0.021828 seconds .

========================================================================
Received Import Request.
  Time since last request: 0.000274 seconds.
  path: Assets/BayatGames/Free Platform Game Assets/Tiles/2.5D Tiles/Spring/png/128x128/GrassLeft.png
  artifactKey: Guid(7584d6bb868caee47b24d330c3c5b849) Importer(815301076,1909f56bfc062723c751e8b465ee728b)
Start importing Assets/BayatGames/Free Platform Game Assets/Tiles/2.5D Tiles/Spring/png/128x128/GrassLeft.png using Guid(7584d6bb868caee47b24d330c3c5b849) Importer(815301076,1909f56bfc062723c751e8b465ee728b)  -> (artifact id: '159dbe1359e03ad0b96fc15aa9259a1f') in 0.017676 seconds 
  Import took 0.021648 seconds .

========================================================================
Received Import Request.
  Time since last request: 0.000233 seconds.
  path: Assets/BayatGames/Free Platform Game Assets/Tiles/2.5D Tiles/Spring/png/128x128/Dirt.png
  artifactKey: Guid(5b417972b4ee6e64488d28b5f7a8e576) Importer(815301076,1909f56bfc062723c751e8b465ee728b)
Start importing Assets/BayatGames/Free Platform Game Assets/Tiles/2.5D Tiles/Spring/png/128x128/Dirt.png using Guid(5b417972b4ee6e64488d28b5f7a8e576) Importer(815301076,1909f56bfc062723c751e8b465ee728b)  -> (artifact id: 'c8193ce2c4435a079fe11142f2aa4553') in 0.021331 seconds 
  Import took 0.025493 seconds .

========================================================================
Received Import Request.
  Time since last request: 0.000238 seconds.
  path: Assets/BayatGames/Free Platform Game Assets/Tiles/2.5D Tiles/Spring/png/128x128/GrassCliffLeft.png
  artifactKey: Guid(000207c915a540846881f1fd39478908) Importer(815301076,1909f56bfc062723c751e8b465ee728b)
Start importing Assets/BayatGames/Free Platform Game Assets/Tiles/2.5D Tiles/Spring/png/128x128/GrassCliffLeft.png using Guid(000207c915a540846881f1fd39478908) Importer(815301076,1909f56bfc062723c751e8b465ee728b)  -> (artifact id: '9dfc7ae6d22fd6b8b82ef8683ded8a03') in 0.020961 seconds 
  Import took 0.025555 seconds .

========================================================================
Received Import Request.
  Time since last request: 0.000260 seconds.
  path: Assets/BayatGames/Free Platform Game Assets/Tiles/2.5D Tiles/Spring/png/128x128/GrassCliffRight.png
  artifactKey: Guid(b1b37f14ab613694fa87291e644b7f64) Importer(815301076,1909f56bfc062723c751e8b465ee728b)
Start importing Assets/BayatGames/Free Platform Game Assets/Tiles/2.5D Tiles/Spring/png/128x128/GrassCliffRight.png using Guid(b1b37f14ab613694fa87291e644b7f64) Importer(815301076,1909f56bfc062723c751e8b465ee728b)  -> (artifact id: 'd8798959d4debf964c2c94716cc9ce04') in 0.018287 seconds 
  Import took 0.022311 seconds .

========================================================================
Received Import Request.
  Time since last request: 0.000208 seconds.
  path: Assets/BayatGames/Free Platform Game Assets/Tiles/2.5D Tiles/Spring/png/128x128/DirtRightCorner.png
  artifactKey: Guid(bdb0009f0a61d72498d216851eebcdf0) Importer(815301076,1909f56bfc062723c751e8b465ee728b)
Start importing Assets/BayatGames/Free Platform Game Assets/Tiles/2.5D Tiles/Spring/png/128x128/DirtRightCorner.png using Guid(bdb0009f0a61d72498d216851eebcdf0) Importer(815301076,1909f56bfc062723c751e8b465ee728b)  -> (artifact id: 'b1520f0e6e25975569298d9fd8c4872d') in 0.019301 seconds 
  Import took 0.023525 seconds .

========================================================================
Received Import Request.
  Time since last request: 0.000256 seconds.
  path: Assets/BayatGames/Free Platform Game Assets/Tiles/2.5D Tiles/Spring/png/128x128/GrassJoinHillRight2_Down shadow.png
  artifactKey: Guid(d72caf52f22ec7d47ae04392fcf7227e) Importer(815301076,1909f56bfc062723c751e8b465ee728b)
Start importing Assets/BayatGames/Free Platform Game Assets/Tiles/2.5D Tiles/Spring/png/128x128/GrassJoinHillRight2_Down shadow.png using Guid(d72caf52f22ec7d47ae04392fcf7227e) Importer(815301076,1909f56bfc062723c751e8b465ee728b)  -> (artifact id: '045a999b71114f99caf4582b7a6c3ea8') in 0.018783 seconds 
  Import took 0.022691 seconds .

========================================================================
Received Import Request.
  Time since last request: 0.000204 seconds.
  path: Assets/BayatGames/Free Platform Game Assets/Tiles/2.5D Tiles/Spring/png/128x128/GrassJoinHillLeft2.png
  artifactKey: Guid(3624a44ba6181aa47bef3868d26f9f4a) Importer(815301076,1909f56bfc062723c751e8b465ee728b)
Start importing Assets/BayatGames/Free Platform Game Assets/Tiles/2.5D Tiles/Spring/png/128x128/GrassJoinHillLeft2.png using Guid(3624a44ba6181aa47bef3868d26f9f4a) Importer(815301076,1909f56bfc062723c751e8b465ee728b)  -> (artifact id: 'ec7ce39fe4eb1ab5210f9c0145832406') in 0.018113 seconds 
  Import took 0.022181 seconds .

========================================================================
Received Import Request.
  Time since last request: 0.000229 seconds.
  path: Assets/BayatGames/Free Platform Game Assets/Tiles/2.5D Tiles/Spring/png/128x128/GrassMid.png
  artifactKey: Guid(548cae4b4e579864caaba7b922bfe4d8) Importer(815301076,1909f56bfc062723c751e8b465ee728b)
Start importing Assets/BayatGames/Free Platform Game Assets/Tiles/2.5D Tiles/Spring/png/128x128/GrassMid.png using Guid(548cae4b4e579864caaba7b922bfe4d8) Importer(815301076,1909f56bfc062723c751e8b465ee728b)  -> (artifact id: '141a99c11fa961d45e89d88de5d586b5') in 0.020586 seconds 
  Import took 0.024411 seconds .

========================================================================
Received Import Request.
  Time since last request: 0.000268 seconds.
  path: Assets/BayatGames/Free Platform Game Assets/Tiles/2.5D Tiles/Spring/png/128x128/Asset 41.png
  artifactKey: Guid(d584e7f7a2c902e458bcf7db7b14c65c) Importer(815301076,1909f56bfc062723c751e8b465ee728b)
Start importing Assets/BayatGames/Free Platform Game Assets/Tiles/2.5D Tiles/Spring/png/128x128/Asset 41.png using Guid(d584e7f7a2c902e458bcf7db7b14c65c) Importer(815301076,1909f56bfc062723c751e8b465ee728b)  -> (artifact id: 'abf5e3bcf54c64c8f55fc834fee5c7a6') in 0.017624 seconds 
  Import took 0.022084 seconds .

========================================================================
Received Import Request.
  Time since last request: 0.000204 seconds.
  path: Assets/BayatGames/Free Platform Game Assets/Tiles/2.5D Tiles/Spring/png/128x128/DirtLeft.png
  artifactKey: Guid(aaab32067c0579e43a348b131e39303b) Importer(815301076,1909f56bfc062723c751e8b465ee728b)
Start importing Assets/BayatGames/Free Platform Game Assets/Tiles/2.5D Tiles/Spring/png/128x128/DirtLeft.png using Guid(aaab32067c0579e43a348b131e39303b) Importer(815301076,1909f56bfc062723c751e8b465ee728b)  -> (artifact id: '7c3f575bb9f31531a0673f493d73f5da') in 0.023073 seconds 
  Import took 0.028046 seconds .

========================================================================
Received Import Request.
  Time since last request: 0.000246 seconds.
  path: Assets/BayatGames/Free Platform Game Assets/Tiles/2.5D Tiles/Spring/png/128x128/Asset 41.png
  artifactKey: Guid(d584e7f7a2c902e458bcf7db7b14c65c) Importer(815301076,1909f56bfc062723c751e8b465ee728b)
Start importing Assets/BayatGames/Free Platform Game Assets/Tiles/2.5D Tiles/Spring/png/128x128/Asset 41.png using Guid(d584e7f7a2c902e458bcf7db7b14c65c) Importer(815301076,1909f56bfc062723c751e8b465ee728b)  -> (artifact id: 'abf5e3bcf54c64c8f55fc834fee5c7a6') in 0.014112 seconds 
  Import took 0.018697 seconds .

========================================================================
Received Import Request.
  Time since last request: 0.000259 seconds.
  path: Assets/BayatGames/Free Platform Game Assets/Tiles/2.5D Tiles/Spring/png/128x128/GrassJoinHillRight2&Left2.png
  artifactKey: Guid(43a54f29aea59314d9c0f01802d1a1b6) Importer(815301076,1909f56bfc062723c751e8b465ee728b)
Start importing Assets/BayatGames/Free Platform Game Assets/Tiles/2.5D Tiles/Spring/png/128x128/GrassJoinHillRight2&Left2.png using Guid(43a54f29aea59314d9c0f01802d1a1b6) Importer(815301076,1909f56bfc062723c751e8b465ee728b)  -> (artifact id: 'd82ac52961f3dcb8db367bef385c57ad') in 0.017644 seconds 
  Import took 0.021344 seconds .

========================================================================
Received Import Request.
  Time since last request: 0.000235 seconds.
  path: Assets/BayatGames/Free Platform Game Assets/Tiles/2.5D Tiles/Spring/png/128x128/GrassJoinHillRight&Left.png
  artifactKey: Guid(47282243012e423448251fac52a24ab4) Importer(815301076,1909f56bfc062723c751e8b465ee728b)
Start importing Assets/BayatGames/Free Platform Game Assets/Tiles/2.5D Tiles/Spring/png/128x128/GrassJoinHillRight&Left.png using Guid(47282243012e423448251fac52a24ab4) Importer(815301076,1909f56bfc062723c751e8b465ee728b)  -> (artifact id: 'd4015e47c78061e2caa41d9bf38fc5f5') in 0.020478 seconds 
  Import took 0.024601 seconds .

========================================================================
Received Import Request.
  Time since last request: 0.000253 seconds.
  path: Assets/BayatGames/Free Platform Game Assets/Tiles/2.5D Tiles/Spring/png/128x128/GrassSample_2.png
  artifactKey: Guid(ed7de711c6ed45a419d9d0774ec2d651) Importer(815301076,1909f56bfc062723c751e8b465ee728b)
Start importing Assets/BayatGames/Free Platform Game Assets/Tiles/2.5D Tiles/Spring/png/128x128/GrassSample_2.png using Guid(ed7de711c6ed45a419d9d0774ec2d651) Importer(815301076,1909f56bfc062723c751e8b465ee728b)  -> (artifact id: '03bb6f0c7a283dc638555f380e124c8d') in 0.018462 seconds 
  Import took 0.022363 seconds .

========================================================================
Received Import Request.
  Time since last request: 0.000291 seconds.
  path: Assets/BayatGames/Free Platform Game Assets/Tiles/2.5D Tiles/Spring/png/128x128/GrassJoinHillLeft2_Down Shadow.png
  artifactKey: Guid(4802eb907cb033d4cbc3e33c64afc176) Importer(815301076,1909f56bfc062723c751e8b465ee728b)
Start importing Assets/BayatGames/Free Platform Game Assets/Tiles/2.5D Tiles/Spring/png/128x128/GrassJoinHillLeft2_Down Shadow.png using Guid(4802eb907cb033d4cbc3e33c64afc176) Importer(815301076,1909f56bfc062723c751e8b465ee728b)  -> (artifact id: 'ca5a1e1b0c36c3ea4fb21dd41d175d46') in 0.020213 seconds 
  Import took 0.024925 seconds .

========================================================================
Received Import Request.
  Time since last request: 0.000417 seconds.
  path: Assets/BayatGames/Free Platform Game Assets/Tiles/2.5D Tiles/Spring/png/128x128/GrassJoinHillRight2.png
  artifactKey: Guid(9ce8a179dd72f66409ec19944f54e316) Importer(815301076,1909f56bfc062723c751e8b465ee728b)
Start importing Assets/BayatGames/Free Platform Game Assets/Tiles/2.5D Tiles/Spring/png/128x128/GrassJoinHillRight2.png using Guid(9ce8a179dd72f66409ec19944f54e316) Importer(815301076,1909f56bfc062723c751e8b465ee728b)  -> (artifact id: 'c75a39f1360654714f4f493c561fb748') in 0.019015 seconds 
  Import took 0.023318 seconds .

========================================================================
Received Import Request.
  Time since last request: 14.895858 seconds.
  path: Assets/BayatGames/Free Platform Game Assets/Tiles/2.5D Tiles/Spring/png/128x128/Asset 40.png
  artifactKey: Guid(9c400249c3a8d0449a0776ffc43ab5a7) Importer(815301076,1909f56bfc062723c751e8b465ee728b)
Start importing Assets/BayatGames/Free Platform Game Assets/Tiles/2.5D Tiles/Spring/png/128x128/Asset 40.png using Guid(9c400249c3a8d0449a0776ffc43ab5a7) Importer(815301076,1909f56bfc062723c751e8b465ee728b)  -> (artifact id: '30a0b46da334e0e7a7ba4880fe1bd62c') in 0.011973 seconds 
  Import took 0.016011 seconds .

========================================================================
Received Import Request.
  Time since last request: 0.000244 seconds.
  path: Assets/BayatGames/Free Platform Game Assets/Tiles/2.5D Tiles/Spring/png/128x128/DirtRight.png
  artifactKey: Guid(133e6794d166c4d4594417a1d8523cf3) Importer(815301076,1909f56bfc062723c751e8b465ee728b)
Start importing Assets/BayatGames/Free Platform Game Assets/Tiles/2.5D Tiles/Spring/png/128x128/DirtRight.png using Guid(133e6794d166c4d4594417a1d8523cf3) Importer(815301076,1909f56bfc062723c751e8b465ee728b)  -> (artifact id: 'd77fcc6f7825fbe3200780a075ab010a') in 0.017143 seconds 
  Import took 0.020931 seconds .

========================================================================
Received Import Request.
  Time since last request: 0.000266 seconds.
  path: Assets/BayatGames/Free Platform Game Assets/Tiles/2.5D Tiles/Spring/png/128x128/column_up.png
  artifactKey: Guid(a5e452d9c123fca4ba97036b370efebe) Importer(815301076,1909f56bfc062723c751e8b465ee728b)
Start importing Assets/BayatGames/Free Platform Game Assets/Tiles/2.5D Tiles/Spring/png/128x128/column_up.png using Guid(a5e452d9c123fca4ba97036b370efebe) Importer(815301076,1909f56bfc062723c751e8b465ee728b)  -> (artifact id: '2751a94b13571eda5787489117533447') in 0.014382 seconds 
  Import took 0.018771 seconds .

========================================================================
Received Import Request.
  Time since last request: 0.000236 seconds.
  path: Assets/BayatGames/Free Platform Game Assets/Tiles/2.5D Tiles/Spring/png/128x128/DirtDown.png
  artifactKey: Guid(fe0fe4dd67749a34f8d9fef85e7c745c) Importer(815301076,1909f56bfc062723c751e8b465ee728b)
Start importing Assets/BayatGames/Free Platform Game Assets/Tiles/2.5D Tiles/Spring/png/128x128/DirtDown.png using Guid(fe0fe4dd67749a34f8d9fef85e7c745c) Importer(815301076,1909f56bfc062723c751e8b465ee728b)  -> (artifact id: '4acf064b8e723c184ae8ad78344016b4') in 0.016599 seconds 
  Import took 0.020830 seconds .

========================================================================
Received Import Request.
  Time since last request: 0.000405 seconds.
  path: Assets/BayatGames/Free Platform Game Assets/Tiles/2.5D Tiles/Spring/png/128x128/GrassJoinHillLeft.png
  artifactKey: Guid(383dea8737240104281d17c2d10d9eb5) Importer(815301076,1909f56bfc062723c751e8b465ee728b)
Start importing Assets/BayatGames/Free Platform Game Assets/Tiles/2.5D Tiles/Spring/png/128x128/GrassJoinHillLeft.png using Guid(383dea8737240104281d17c2d10d9eb5) Importer(815301076,1909f56bfc062723c751e8b465ee728b)  -> (artifact id: 'ce3239c8c7147c128dcd3590fd5cef10') in 0.021487 seconds 
  Import took 0.025683 seconds .

========================================================================
Received Import Request.
  Time since last request: 0.000269 seconds.
  path: Assets/BayatGames/Free Platform Game Assets/Tiles/2.5D Tiles/Spring/png/128x128/GrassHillLeft.png
  artifactKey: Guid(4fb12cb17d6793c48af241272932de0b) Importer(815301076,1909f56bfc062723c751e8b465ee728b)
Start importing Assets/BayatGames/Free Platform Game Assets/Tiles/2.5D Tiles/Spring/png/128x128/GrassHillLeft.png using Guid(4fb12cb17d6793c48af241272932de0b) Importer(815301076,1909f56bfc062723c751e8b465ee728b)  -> (artifact id: '229595b6e309f1dfb2853bdc1be5a872') in 0.012999 seconds 
  Import took 0.016945 seconds .

========================================================================
Received Import Request.
  Time since last request: 0.000321 seconds.
  path: Assets/BayatGames/Free Platform Game Assets/Tiles/2.5D Tiles/Spring/png/128x128/GrassHillLeft2_Down Shadow.png
  artifactKey: Guid(c200e6840bfe39744ac6f64bf2cc47ad) Importer(815301076,1909f56bfc062723c751e8b465ee728b)
Start importing Assets/BayatGames/Free Platform Game Assets/Tiles/2.5D Tiles/Spring/png/128x128/GrassHillLeft2_Down Shadow.png using Guid(c200e6840bfe39744ac6f64bf2cc47ad) Importer(815301076,1909f56bfc062723c751e8b465ee728b)  -> (artifact id: '56f07b3ee379fa9edda2fa7153435655') in 0.013241 seconds 
  Import took 0.017205 seconds .

========================================================================
Received Import Request.
  Time since last request: 0.000285 seconds.
  path: Assets/BayatGames/Free Platform Game Assets/Tiles/2.5D Tiles/Spring/png/128x128/column_down.png
  artifactKey: Guid(416f7581c5f0ad24c9d91e8f3c4f84c3) Importer(815301076,1909f56bfc062723c751e8b465ee728b)
Start importing Assets/BayatGames/Free Platform Game Assets/Tiles/2.5D Tiles/Spring/png/128x128/column_down.png using Guid(416f7581c5f0ad24c9d91e8f3c4f84c3) Importer(815301076,1909f56bfc062723c751e8b465ee728b)  -> (artifact id: '59aeb327750461ef9e15a73aaa46ed24') in 0.017501 seconds 
  Import took 0.021236 seconds .

========================================================================
Received Import Request.
  Time since last request: 0.000229 seconds.
  path: Assets/BayatGames/Free Platform Game Assets/Tiles/2.5D Tiles/Spring/png/128x128/GrassHillLeft2.png
  artifactKey: Guid(f881c1ec005677a47bbc191b73b15c59) Importer(815301076,1909f56bfc062723c751e8b465ee728b)
Start importing Assets/BayatGames/Free Platform Game Assets/Tiles/2.5D Tiles/Spring/png/128x128/GrassHillLeft2.png using Guid(f881c1ec005677a47bbc191b73b15c59) Importer(815301076,1909f56bfc062723c751e8b465ee728b)  -> (artifact id: 'ee50f889c3efa270e6a580f7652aa1c3') in 0.013183 seconds 
  Import took 0.017121 seconds .

========================================================================
Received Import Request.
  Time since last request: 0.000284 seconds.
  path: Assets/BayatGames/Free Platform Game Assets/Tiles/2.5D Tiles/Spring/png/128x128/GrassJoinHillRight.png
  artifactKey: Guid(908c94f42d3f220499d0c189115dd74c) Importer(815301076,1909f56bfc062723c751e8b465ee728b)
Start importing Assets/BayatGames/Free Platform Game Assets/Tiles/2.5D Tiles/Spring/png/128x128/GrassJoinHillRight.png using Guid(908c94f42d3f220499d0c189115dd74c) Importer(815301076,1909f56bfc062723c751e8b465ee728b)  -> (artifact id: 'e2c4fc68c603d8fcef72318cb54e0a4a') in 0.014153 seconds 
  Import took 0.018852 seconds .

========================================================================
Received Import Request.
  Time since last request: 0.000236 seconds.
  path: Assets/BayatGames/Free Platform Game Assets/Tiles/2.5D Tiles/Spring/png/128x128/GrassHillRight2_Down Shadow.png
  artifactKey: Guid(1d503eb707a935a4dad46869b6c33292) Importer(815301076,1909f56bfc062723c751e8b465ee728b)
Start importing Assets/BayatGames/Free Platform Game Assets/Tiles/2.5D Tiles/Spring/png/128x128/GrassHillRight2_Down Shadow.png using Guid(1d503eb707a935a4dad46869b6c33292) Importer(815301076,1909f56bfc062723c751e8b465ee728b)  -> (artifact id: 'd056c23c31bb0bc87e0c24eaf7acbaef') in 0.014403 seconds 
  Import took 0.018896 seconds .

========================================================================
Received Import Request.
  Time since last request: 0.000327 seconds.
  path: Assets/BayatGames/Free Platform Game Assets/Tiles/2.5D Tiles/Spring/png/128x128/Column.png
  artifactKey: Guid(2c6da6de413f9d247857d8db01202bc2) Importer(815301076,1909f56bfc062723c751e8b465ee728b)
Start importing Assets/BayatGames/Free Platform Game Assets/Tiles/2.5D Tiles/Spring/png/128x128/Column.png using Guid(2c6da6de413f9d247857d8db01202bc2) Importer(815301076,1909f56bfc062723c751e8b465ee728b)  -> (artifact id: '1924b1ecb65bc90b1a548314053f814d') in 0.016001 seconds 
  Import took 0.019865 seconds .

========================================================================
Received Import Request.
  Time since last request: 0.000334 seconds.
  path: Assets/BayatGames/Free Platform Game Assets/Tiles/2.5D Tiles/Spring/png/128x128/GrassJoinHillRight2&Left2_Down Shadow.png
  artifactKey: Guid(a2ad6f6ba1345e544a054e9e7a78f5e5) Importer(815301076,1909f56bfc062723c751e8b465ee728b)
Start importing Assets/BayatGames/Free Platform Game Assets/Tiles/2.5D Tiles/Spring/png/128x128/GrassJoinHillRight2&Left2_Down Shadow.png using Guid(a2ad6f6ba1345e544a054e9e7a78f5e5) Importer(815301076,1909f56bfc062723c751e8b465ee728b)  -> (artifact id: '01cb948ffb15c488592b8d2c68c4f397') in 0.014392 seconds 
  Import took 0.018362 seconds .

========================================================================
Received Import Request.
  Time since last request: 0.000263 seconds.
  path: Assets/BayatGames/Free Platform Game Assets/Tiles/2.5D Tiles/Spring/png/128x128/GrassRight.png
  artifactKey: Guid(1566c2951bcbc9d429763df0ca916c6a) Importer(815301076,1909f56bfc062723c751e8b465ee728b)
Start importing Assets/BayatGames/Free Platform Game Assets/Tiles/2.5D Tiles/Spring/png/128x128/GrassRight.png using Guid(1566c2951bcbc9d429763df0ca916c6a) Importer(815301076,1909f56bfc062723c751e8b465ee728b)  -> (artifact id: '00d597edd81ceacac29968d5dcd7241d') in 0.016298 seconds 
  Import took 0.020366 seconds .

========================================================================
Received Import Request.
  Time since last request: 0.000220 seconds.
  path: Assets/BayatGames/Free Platform Game Assets/Tiles/2.5D Tiles/Spring/png/128x128/GrassHillRight.png
  artifactKey: Guid(44c3787c259d8ec4e976e57df20d7a5e) Importer(815301076,1909f56bfc062723c751e8b465ee728b)
Start importing Assets/BayatGames/Free Platform Game Assets/Tiles/2.5D Tiles/Spring/png/128x128/GrassHillRight.png using Guid(44c3787c259d8ec4e976e57df20d7a5e) Importer(815301076,1909f56bfc062723c751e8b465ee728b)  -> (artifact id: '974dd2b70d35d30bfe230a3a7212aeed') in 0.012587 seconds 
  Import took 0.016174 seconds .

========================================================================
Received Import Request.
  Time since last request: 0.000216 seconds.
  path: Assets/BayatGames/Free Platform Game Assets/Tiles/2.5D Tiles/Spring/png/128x128/GrassCliffMid.png
  artifactKey: Guid(a2019109c41112544ab6ddebf4293445) Importer(815301076,1909f56bfc062723c751e8b465ee728b)
Start importing Assets/BayatGames/Free Platform Game Assets/Tiles/2.5D Tiles/Spring/png/128x128/GrassCliffMid.png using Guid(a2019109c41112544ab6ddebf4293445) Importer(815301076,1909f56bfc062723c751e8b465ee728b)  -> (artifact id: 'dcbb660393a6b141ab9e66d7a54dba64') in 0.016537 seconds 
  Import took 0.020494 seconds .

========================================================================
Received Import Request.
  Time since last request: 0.000297 seconds.
  path: Assets/BayatGames/Free Platform Game Assets/Tiles/2.5D Tiles/Spring/png/128x128/GrassHillRight2.png
  artifactKey: Guid(3e8f0396158959543bee68cf450ea04d) Importer(815301076,1909f56bfc062723c751e8b465ee728b)
Start importing Assets/BayatGames/Free Platform Game Assets/Tiles/2.5D Tiles/Spring/png/128x128/GrassHillRight2.png using Guid(3e8f0396158959543bee68cf450ea04d) Importer(815301076,1909f56bfc062723c751e8b465ee728b)  -> (artifact id: 'c7a28aaadfd50ecb43a9727b2a04b3d6') in 0.012109 seconds 
  Import took 0.015915 seconds .

========================================================================
Received Import Request.
  Time since last request: 0.000258 seconds.
  path: Assets/BayatGames/Free Platform Game Assets/Tiles/2.5D Tiles/Spring/png/128x128/Grass.png
  artifactKey: Guid(d3400777b23b54143a1b71d432f5791c) Importer(815301076,1909f56bfc062723c751e8b465ee728b)
Start importing Assets/BayatGames/Free Platform Game Assets/Tiles/2.5D Tiles/Spring/png/128x128/Grass.png using Guid(d3400777b23b54143a1b71d432f5791c) Importer(815301076,1909f56bfc062723c751e8b465ee728b)  -> (artifact id: 'd2acec3414db3830b0fe2c9059267bcd') in 0.013278 seconds 
  Import took 0.017385 seconds .

========================================================================
Received Import Request.
  Time since last request: 0.000280 seconds.
  path: Assets/BayatGames/Free Platform Game Assets/Tiles/2.5D Tiles/Spring/png/128x128/DirtLeftCorner.png
  artifactKey: Guid(094c988a0734a0544bbdf5628029b1f2) Importer(815301076,1909f56bfc062723c751e8b465ee728b)
Start importing Assets/BayatGames/Free Platform Game Assets/Tiles/2.5D Tiles/Spring/png/128x128/DirtLeftCorner.png using Guid(094c988a0734a0544bbdf5628029b1f2) Importer(815301076,1909f56bfc062723c751e8b465ee728b)  -> (artifact id: '6ec8cfa026e6be7a5611c60e1ea6ac79') in 0.012444 seconds 
  Import took 0.016499 seconds .

========================================================================
Received Import Request.
  Time since last request: 0.000249 seconds.
  path: Assets/BayatGames/Free Platform Game Assets/Tiles/2.5D Tiles/Spring/png/128x128/GrassLeft.png
  artifactKey: Guid(7584d6bb868caee47b24d330c3c5b849) Importer(815301076,1909f56bfc062723c751e8b465ee728b)
Start importing Assets/BayatGames/Free Platform Game Assets/Tiles/2.5D Tiles/Spring/png/128x128/GrassLeft.png using Guid(7584d6bb868caee47b24d330c3c5b849) Importer(815301076,1909f56bfc062723c751e8b465ee728b)  -> (artifact id: 'ce9ceca6179433abde3975ac0694e118') in 0.013407 seconds 
  Import took 0.017967 seconds .

========================================================================
Received Import Request.
  Time since last request: 0.000244 seconds.
  path: Assets/BayatGames/Free Platform Game Assets/Tiles/2.5D Tiles/Spring/png/128x128/Dirt.png
  artifactKey: Guid(5b417972b4ee6e64488d28b5f7a8e576) Importer(815301076,1909f56bfc062723c751e8b465ee728b)
Start importing Assets/BayatGames/Free Platform Game Assets/Tiles/2.5D Tiles/Spring/png/128x128/Dirt.png using Guid(5b417972b4ee6e64488d28b5f7a8e576) Importer(815301076,1909f56bfc062723c751e8b465ee728b)  -> (artifact id: 'db5e7a37d84b064691031b47fb552868') in 0.018809 seconds 
  Import took 0.022901 seconds .

========================================================================
Received Import Request.
  Time since last request: 0.000316 seconds.
  path: Assets/BayatGames/Free Platform Game Assets/Tiles/2.5D Tiles/Spring/png/128x128/GrassCliffLeft.png
  artifactKey: Guid(000207c915a540846881f1fd39478908) Importer(815301076,1909f56bfc062723c751e8b465ee728b)
Start importing Assets/BayatGames/Free Platform Game Assets/Tiles/2.5D Tiles/Spring/png/128x128/GrassCliffLeft.png using Guid(000207c915a540846881f1fd39478908) Importer(815301076,1909f56bfc062723c751e8b465ee728b)  -> (artifact id: '217b1beac310514f697040048002ad96') in 0.012900 seconds 
  Import took 0.017797 seconds .

========================================================================
Received Import Request.
  Time since last request: 0.000229 seconds.
  path: Assets/BayatGames/Free Platform Game Assets/Tiles/2.5D Tiles/Spring/png/128x128/GrassCliffRight.png
  artifactKey: Guid(b1b37f14ab613694fa87291e644b7f64) Importer(815301076,1909f56bfc062723c751e8b465ee728b)
Start importing Assets/BayatGames/Free Platform Game Assets/Tiles/2.5D Tiles/Spring/png/128x128/GrassCliffRight.png using Guid(b1b37f14ab613694fa87291e644b7f64) Importer(815301076,1909f56bfc062723c751e8b465ee728b)  -> (artifact id: 'fc4ebf0f3407c1b298e1a0401bc56613') in 0.012472 seconds 
  Import took 0.016344 seconds .

========================================================================
Received Import Request.
  Time since last request: 0.000288 seconds.
  path: Assets/BayatGames/Free Platform Game Assets/Tiles/2.5D Tiles/Spring/png/128x128/DirtRightCorner.png
  artifactKey: Guid(bdb0009f0a61d72498d216851eebcdf0) Importer(815301076,1909f56bfc062723c751e8b465ee728b)
Start importing Assets/BayatGames/Free Platform Game Assets/Tiles/2.5D Tiles/Spring/png/128x128/DirtRightCorner.png using Guid(bdb0009f0a61d72498d216851eebcdf0) Importer(815301076,1909f56bfc062723c751e8b465ee728b)  -> (artifact id: 'ada9b85044cd76a2b5d18d0efd5cc399') in 0.012482 seconds 
  Import took 0.016645 seconds .

========================================================================
Received Import Request.
  Time since last request: 0.000242 seconds.
  path: Assets/BayatGames/Free Platform Game Assets/Tiles/2.5D Tiles/Spring/png/128x128/GrassJoinHillRight2_Down shadow.png
  artifactKey: Guid(d72caf52f22ec7d47ae04392fcf7227e) Importer(815301076,1909f56bfc062723c751e8b465ee728b)
Start importing Assets/BayatGames/Free Platform Game Assets/Tiles/2.5D Tiles/Spring/png/128x128/GrassJoinHillRight2_Down shadow.png using Guid(d72caf52f22ec7d47ae04392fcf7227e) Importer(815301076,1909f56bfc062723c751e8b465ee728b)  -> (artifact id: '31846f7b9af2760329039f4b1a2f9399') in 0.018210 seconds 
  Import took 0.022059 seconds .

========================================================================
Received Import Request.
  Time since last request: 0.000207 seconds.
  path: Assets/BayatGames/Free Platform Game Assets/Tiles/2.5D Tiles/Spring/png/128x128/GrassJoinHillLeft2.png
  artifactKey: Guid(3624a44ba6181aa47bef3868d26f9f4a) Importer(815301076,1909f56bfc062723c751e8b465ee728b)
Start importing Assets/BayatGames/Free Platform Game Assets/Tiles/2.5D Tiles/Spring/png/128x128/GrassJoinHillLeft2.png using Guid(3624a44ba6181aa47bef3868d26f9f4a) Importer(815301076,1909f56bfc062723c751e8b465ee728b)  -> (artifact id: '515646a4f28a4e8dc584dab2f5b61700') in 0.012271 seconds 
  Import took 0.016610 seconds .

========================================================================
Received Import Request.
  Time since last request: 0.000302 seconds.
  path: Assets/BayatGames/Free Platform Game Assets/Tiles/2.5D Tiles/Spring/png/128x128/GrassMid.png
  artifactKey: Guid(548cae4b4e579864caaba7b922bfe4d8) Importer(815301076,1909f56bfc062723c751e8b465ee728b)
Start importing Assets/BayatGames/Free Platform Game Assets/Tiles/2.5D Tiles/Spring/png/128x128/GrassMid.png using Guid(548cae4b4e579864caaba7b922bfe4d8) Importer(815301076,1909f56bfc062723c751e8b465ee728b)  -> (artifact id: 'e96969d6f8a2f34fd74cd6389c0746b6') in 0.013917 seconds 
  Import took 0.018478 seconds .

========================================================================
Received Import Request.
  Time since last request: 0.000205 seconds.
  path: Assets/BayatGames/Free Platform Game Assets/Tiles/2.5D Tiles/Spring/png/128x128/Asset 41.png
  artifactKey: Guid(d584e7f7a2c902e458bcf7db7b14c65c) Importer(815301076,1909f56bfc062723c751e8b465ee728b)
Start importing Assets/BayatGames/Free Platform Game Assets/Tiles/2.5D Tiles/Spring/png/128x128/Asset 41.png using Guid(d584e7f7a2c902e458bcf7db7b14c65c) Importer(815301076,1909f56bfc062723c751e8b465ee728b)  -> (artifact id: '0ad51939561670ae5ca4fffe6ebeec00') in 0.011670 seconds 
  Import took 0.016136 seconds .

========================================================================
Received Import Request.
  Time since last request: 0.000248 seconds.
  path: Assets/BayatGames/Free Platform Game Assets/Tiles/2.5D Tiles/Spring/png/128x128/DirtLeft.png
  artifactKey: Guid(aaab32067c0579e43a348b131e39303b) Importer(815301076,1909f56bfc062723c751e8b465ee728b)
Start importing Assets/BayatGames/Free Platform Game Assets/Tiles/2.5D Tiles/Spring/png/128x128/DirtLeft.png using Guid(aaab32067c0579e43a348b131e39303b) Importer(815301076,1909f56bfc062723c751e8b465ee728b)  -> (artifact id: 'd924e3037d4b31f9c7ee259844185879') in 0.016252 seconds 
  Import took 0.020656 seconds .

========================================================================
Received Import Request.
  Time since last request: 0.000227 seconds.
  path: Assets/BayatGames/Free Platform Game Assets/Tiles/2.5D Tiles/Spring/png/128x128/Asset 41.png
  artifactKey: Guid(d584e7f7a2c902e458bcf7db7b14c65c) Importer(815301076,1909f56bfc062723c751e8b465ee728b)
Start importing Assets/BayatGames/Free Platform Game Assets/Tiles/2.5D Tiles/Spring/png/128x128/Asset 41.png using Guid(d584e7f7a2c902e458bcf7db7b14c65c) Importer(815301076,1909f56bfc062723c751e8b465ee728b)  -> (artifact id: '0ad51939561670ae5ca4fffe6ebeec00') in 0.012288 seconds 
  Import took 0.017003 seconds .

========================================================================
Received Import Request.
  Time since last request: 0.000275 seconds.
  path: Assets/BayatGames/Free Platform Game Assets/Tiles/2.5D Tiles/Spring/png/128x128/GrassJoinHillRight2&Left2.png
  artifactKey: Guid(43a54f29aea59314d9c0f01802d1a1b6) Importer(815301076,1909f56bfc062723c751e8b465ee728b)
Start importing Assets/BayatGames/Free Platform Game Assets/Tiles/2.5D Tiles/Spring/png/128x128/GrassJoinHillRight2&Left2.png using Guid(43a54f29aea59314d9c0f01802d1a1b6) Importer(815301076,1909f56bfc062723c751e8b465ee728b)  -> (artifact id: '08a2938dfffa1be069f6abf74859abab') in 0.015101 seconds 
  Import took 0.019894 seconds .

========================================================================
Received Import Request.
  Time since last request: 0.000246 seconds.
  path: Assets/BayatGames/Free Platform Game Assets/Tiles/2.5D Tiles/Spring/png/128x128/GrassJoinHillRight&Left.png
  artifactKey: Guid(47282243012e423448251fac52a24ab4) Importer(815301076,1909f56bfc062723c751e8b465ee728b)
Start importing Assets/BayatGames/Free Platform Game Assets/Tiles/2.5D Tiles/Spring/png/128x128/GrassJoinHillRight&Left.png using Guid(47282243012e423448251fac52a24ab4) Importer(815301076,1909f56bfc062723c751e8b465ee728b)  -> (artifact id: '6b8d308e170e8d26b59c03196be87529') in 0.011359 seconds 
  Import took 0.014985 seconds .

========================================================================
Received Import Request.
  Time since last request: 0.000318 seconds.
  path: Assets/BayatGames/Free Platform Game Assets/Tiles/2.5D Tiles/Spring/png/128x128/GrassSample_2.png
  artifactKey: Guid(ed7de711c6ed45a419d9d0774ec2d651) Importer(815301076,1909f56bfc062723c751e8b465ee728b)
Start importing Assets/BayatGames/Free Platform Game Assets/Tiles/2.5D Tiles/Spring/png/128x128/GrassSample_2.png using Guid(ed7de711c6ed45a419d9d0774ec2d651) Importer(815301076,1909f56bfc062723c751e8b465ee728b)  -> (artifact id: 'aee2c09b670acb48152aa2ee22bbfb48') in 0.018673 seconds 
  Import took 0.023624 seconds .

========================================================================
Received Import Request.
  Time since last request: 0.000328 seconds.
  path: Assets/BayatGames/Free Platform Game Assets/Tiles/2.5D Tiles/Spring/png/128x128/GrassJoinHillLeft2_Down Shadow.png
  artifactKey: Guid(4802eb907cb033d4cbc3e33c64afc176) Importer(815301076,1909f56bfc062723c751e8b465ee728b)
Start importing Assets/BayatGames/Free Platform Game Assets/Tiles/2.5D Tiles/Spring/png/128x128/GrassJoinHillLeft2_Down Shadow.png using Guid(4802eb907cb033d4cbc3e33c64afc176) Importer(815301076,1909f56bfc062723c751e8b465ee728b)  -> (artifact id: '72df512a1807b6f75ddee7900ea9ca70') in 0.015142 seconds 
  Import took 0.019811 seconds .

========================================================================
Received Import Request.
  Time since last request: 0.000313 seconds.
  path: Assets/BayatGames/Free Platform Game Assets/Tiles/2.5D Tiles/Spring/png/128x128/GrassJoinHillRight2.png
  artifactKey: Guid(9ce8a179dd72f66409ec19944f54e316) Importer(815301076,1909f56bfc062723c751e8b465ee728b)
Start importing Assets/BayatGames/Free Platform Game Assets/Tiles/2.5D Tiles/Spring/png/128x128/GrassJoinHillRight2.png using Guid(9ce8a179dd72f66409ec19944f54e316) Importer(815301076,1909f56bfc062723c751e8b465ee728b)  -> (artifact id: 'ba718af9e40768a74dfe83fddd65614a') in 0.013043 seconds 
  Import took 0.017143 seconds .

========================================================================
Received Prepare
Registering precompiled user dll's ...
Registered in 0.002994 seconds.
Begin MonoManager ReloadAssembly
Native extension for WindowsStandalone target not found
Refreshing native plugins compatible for Editor in 0.70 ms, found 3 plugins.
Preloading 0 native plugins for Editor in 0.00 ms.
Mono: successfully reloaded assembly
- Completed reload, in  1.232 seconds
Domain Reload Profiling:
	ReloadAssembly (1233ms)
		BeginReloadAssembly (141ms)
			ExecutionOrderSort (0ms)
			DisableScriptedObjects (8ms)
			BackupInstance (0ms)
			ReleaseScriptingObjects (0ms)
			CreateAndSetChildDomain (41ms)
		EndReloadAssembly (1008ms)
			LoadAssemblies (118ms)
			RebuildTransferFunctionScriptingTraits (0ms)
			SetupTypeCache (333ms)
			ReleaseScriptCaches (1ms)
			RebuildScriptCaches (58ms)
			SetupLoadedEditorAssemblies (379ms)
				LogAssemblyErrors (0ms)
				InitializePlatformSupportModulesInManaged (6ms)
				SetLoadedEditorAssemblies (1ms)
				RefreshPlugins (1ms)
				BeforeProcessingInitializeOnLoad (127ms)
				ProcessInitializeOnLoadAttributes (225ms)
				ProcessInitializeOnLoadMethodAttributes (8ms)
				AfterProcessingInitializeOnLoad (11ms)
				EditorAssembliesLoaded (0ms)
			ExecutionOrderSort2 (0ms)
			AwakeInstancesAfterBackupRestoration (13ms)
Platform modules already initialized, skipping
Refreshing native plugins compatible for Editor in 0.69 ms, found 3 plugins.
Preloading 0 native plugins for Editor in 0.00 ms.
Unloading 2086 Unused Serialized files (Serialized files now loaded: 0)
System memory in use before: 96.1 MB.
System memory in use after: 96.2 MB.

Unloading 15 unused Assets to reduce memory usage. Loaded Objects now: 2585.
Total: 4.182200 ms (FindLiveObjects: 0.265300 ms CreateObjectMapping: 0.059700 ms MarkObjects: 3.831600 ms  DeleteObjects: 0.024100 ms)

AssetImportParameters requested are different than current active one (requested -> active):
  custom:framework-win-MediaFoundation: 216162199b28c13a410421893ffa2e32 -> 
  custom:video-decoder-ogg-theora: a1e56fd34408186e4bbccfd4996cb3dc -> 
  custom:container-muxer-webm: aa71ff27fc2769a1b78a27578f13a17b -> 
  custom:container-demuxer-webm: 4f35f7cbe854078d1ac9338744f61a02 -> 
  custom:container-demuxer-ogg: 62fdf1f143b41e24485cea50d1cbac27 -> 
  custom:video-encoder-webm-vp8: eb34c28f22e8b96e1ab97ce403110664 -> 
  custom:video-decoder-webm-vp8: 9c59270c3fd7afecdb556c50c9e8de78 -> 
  custom:audio-decoder-ogg-vorbis: bf7c407c2cedff20999df2af8eb42d56 -> 
  custom:audio-encoder-webm-vorbis: bf7c407c2cedff20999df2af8eb42d56 -> 
========================================================================
Received Prepare
Registering precompiled user dll's ...
Registered in 0.003710 seconds.
Begin MonoManager ReloadAssembly
Native extension for WindowsStandalone target not found
Refreshing native plugins compatible for Editor in 0.77 ms, found 3 plugins.
Preloading 0 native plugins for Editor in 0.00 ms.
Mono: successfully reloaded assembly
- Completed reload, in  1.262 seconds
Domain Reload Profiling:
	ReloadAssembly (1263ms)
		BeginReloadAssembly (141ms)
			ExecutionOrderSort (0ms)
			DisableScriptedObjects (8ms)
			BackupInstance (0ms)
			ReleaseScriptingObjects (0ms)
			CreateAndSetChildDomain (41ms)
		EndReloadAssembly (1037ms)
			LoadAssemblies (113ms)
			RebuildTransferFunctionScriptingTraits (0ms)
			SetupTypeCache (351ms)
			ReleaseScriptCaches (1ms)
			RebuildScriptCaches (58ms)
			SetupLoadedEditorAssemblies (385ms)
				LogAssemblyErrors (0ms)
				InitializePlatformSupportModulesInManaged (7ms)
				SetLoadedEditorAssemblies (1ms)
				RefreshPlugins (1ms)
				BeforeProcessingInitializeOnLoad (129ms)
				ProcessInitializeOnLoadAttributes (229ms)
				ProcessInitializeOnLoadMethodAttributes (7ms)
				AfterProcessingInitializeOnLoad (11ms)
				EditorAssembliesLoaded (0ms)
			ExecutionOrderSort2 (0ms)
			AwakeInstancesAfterBackupRestoration (13ms)
Platform modules already initialized, skipping
Refreshing native plugins compatible for Editor in 0.85 ms, found 3 plugins.
Preloading 0 native plugins for Editor in 0.00 ms.
Unloading 2086 Unused Serialized files (Serialized files now loaded: 0)
System memory in use before: 96.1 MB.
System memory in use after: 96.3 MB.

Unloading 15 unused Assets to reduce memory usage. Loaded Objects now: 2587.
Total: 3.842400 ms (FindLiveObjects: 0.284300 ms CreateObjectMapping: 0.069100 ms MarkObjects: 3.466000 ms  DeleteObjects: 0.021400 ms)

AssetImportParameters requested are different than current active one (requested -> active):
  custom:framework-win-MediaFoundation: 216162199b28c13a410421893ffa2e32 -> 
  custom:video-decoder-ogg-theora: a1e56fd34408186e4bbccfd4996cb3dc -> 
  custom:container-muxer-webm: aa71ff27fc2769a1b78a27578f13a17b -> 
  custom:container-demuxer-webm: 4f35f7cbe854078d1ac9338744f61a02 -> 
  custom:container-demuxer-ogg: 62fdf1f143b41e24485cea50d1cbac27 -> 
  custom:video-encoder-webm-vp8: eb34c28f22e8b96e1ab97ce403110664 -> 
  custom:video-decoder-webm-vp8: 9c59270c3fd7afecdb556c50c9e8de78 -> 
  custom:audio-decoder-ogg-vorbis: bf7c407c2cedff20999df2af8eb42d56 -> 
  custom:audio-encoder-webm-vorbis: bf7c407c2cedff20999df2af8eb42d56 -> 
========================================================================
Received Import Request.
  Time since last request: 1061.442418 seconds.
  path: ProjectSettings/TagManager.asset
  artifactKey: Guid(00000000000000003000000000000000) Importer(815301076,1909f56bfc062723c751e8b465ee728b)
Start importing ProjectSettings/TagManager.asset using Guid(00000000000000003000000000000000) Importer(815301076,1909f56bfc062723c751e8b465ee728b)  -> (artifact id: '13a0d3e5a2ff58e4810de717bb75b572') in 0.028688 seconds 
  Import took 0.032862 seconds .

========================================================================
Received Prepare
Registering precompiled user dll's ...
Registered in 0.003046 seconds.
Begin MonoManager ReloadAssembly
Native extension for WindowsStandalone target not found
Refreshing native plugins compatible for Editor in 0.74 ms, found 3 plugins.
Preloading 0 native plugins for Editor in 0.00 ms.
Mono: successfully reloaded assembly
- Completed reload, in  1.298 seconds
Domain Reload Profiling:
	ReloadAssembly (1298ms)
		BeginReloadAssembly (147ms)
			ExecutionOrderSort (0ms)
			DisableScriptedObjects (11ms)
			BackupInstance (0ms)
			ReleaseScriptingObjects (0ms)
			CreateAndSetChildDomain (41ms)
		EndReloadAssembly (1068ms)
			LoadAssemblies (111ms)
			RebuildTransferFunctionScriptingTraits (0ms)
			SetupTypeCache (360ms)
			ReleaseScriptCaches (2ms)
			RebuildScriptCaches (68ms)
			SetupLoadedEditorAssemblies (389ms)
				LogAssemblyErrors (0ms)
				InitializePlatformSupportModulesInManaged (6ms)
				SetLoadedEditorAssemblies (1ms)
				RefreshPlugins (1ms)
				BeforeProcessingInitializeOnLoad (128ms)
				ProcessInitializeOnLoadAttributes (234ms)
				ProcessInitializeOnLoadMethodAttributes (8ms)
				AfterProcessingInitializeOnLoad (11ms)
				EditorAssembliesLoaded (0ms)
			ExecutionOrderSort2 (0ms)
			AwakeInstancesAfterBackupRestoration (15ms)
Platform modules already initialized, skipping
Refreshing native plugins compatible for Editor in 1.17 ms, found 3 plugins.
Preloading 0 native plugins for Editor in 0.00 ms.
Unloading 2086 Unused Serialized files (Serialized files now loaded: 0)
System memory in use before: 96.2 MB.
System memory in use after: 96.3 MB.

Unloading 16 unused Assets to reduce memory usage. Loaded Objects now: 2589.
Total: 3.928800 ms (FindLiveObjects: 0.264100 ms CreateObjectMapping: 0.057700 ms MarkObjects: 3.579400 ms  DeleteObjects: 0.025600 ms)

AssetImportParameters requested are different than current active one (requested -> active):
  custom:framework-win-MediaFoundation: 216162199b28c13a410421893ffa2e32 -> 
  custom:video-decoder-ogg-theora: a1e56fd34408186e4bbccfd4996cb3dc -> 
  custom:container-muxer-webm: aa71ff27fc2769a1b78a27578f13a17b -> 
  custom:container-demuxer-webm: 4f35f7cbe854078d1ac9338744f61a02 -> 
  custom:container-demuxer-ogg: 62fdf1f143b41e24485cea50d1cbac27 -> 
  custom:video-encoder-webm-vp8: eb34c28f22e8b96e1ab97ce403110664 -> 
  custom:video-decoder-webm-vp8: 9c59270c3fd7afecdb556c50c9e8de78 -> 
  custom:audio-decoder-ogg-vorbis: bf7c407c2cedff20999df2af8eb42d56 -> 
  custom:audio-encoder-webm-vorbis: bf7c407c2cedff20999df2af8eb42d56 -> 
========================================================================
Received Prepare
Registering precompiled user dll's ...
Registered in 0.003159 seconds.
Begin MonoManager ReloadAssembly
Native extension for WindowsStandalone target not found
Refreshing native plugins compatible for Editor in 0.73 ms, found 3 plugins.
Preloading 0 native plugins for Editor in 0.00 ms.
Mono: successfully reloaded assembly
- Completed reload, in  1.328 seconds
Domain Reload Profiling:
	ReloadAssembly (1328ms)
		BeginReloadAssembly (141ms)
			ExecutionOrderSort (0ms)
			DisableScriptedObjects (8ms)
			BackupInstance (0ms)
			ReleaseScriptingObjects (0ms)
			CreateAndSetChildDomain (40ms)
		EndReloadAssembly (1102ms)
			LoadAssemblies (112ms)
			RebuildTransferFunctionScriptingTraits (0ms)
			SetupTypeCache (382ms)
			ReleaseScriptCaches (2ms)
			RebuildScriptCaches (62ms)
			SetupLoadedEditorAssemblies (401ms)
				LogAssemblyErrors (0ms)
				InitializePlatformSupportModulesInManaged (7ms)
				SetLoadedEditorAssemblies (1ms)
				RefreshPlugins (1ms)
				BeforeProcessingInitializeOnLoad (131ms)
				ProcessInitializeOnLoadAttributes (241ms)
				ProcessInitializeOnLoadMethodAttributes (7ms)
				AfterProcessingInitializeOnLoad (11ms)
				EditorAssembliesLoaded (0ms)
			ExecutionOrderSort2 (0ms)
			AwakeInstancesAfterBackupRestoration (15ms)
Platform modules already initialized, skipping
Refreshing native plugins compatible for Editor in 0.96 ms, found 3 plugins.
Preloading 0 native plugins for Editor in 0.00 ms.
Unloading 2086 Unused Serialized files (Serialized files now loaded: 0)
System memory in use before: 96.2 MB.
System memory in use after: 96.3 MB.

Unloading 15 unused Assets to reduce memory usage. Loaded Objects now: 2591.
Total: 3.622000 ms (FindLiveObjects: 0.273200 ms CreateObjectMapping: 0.058900 ms MarkObjects: 3.265000 ms  DeleteObjects: 0.022900 ms)

AssetImportParameters requested are different than current active one (requested -> active):
  custom:framework-win-MediaFoundation: 216162199b28c13a410421893ffa2e32 -> 
  custom:video-decoder-ogg-theora: a1e56fd34408186e4bbccfd4996cb3dc -> 
  custom:container-muxer-webm: aa71ff27fc2769a1b78a27578f13a17b -> 
  custom:container-demuxer-webm: 4f35f7cbe854078d1ac9338744f61a02 -> 
  custom:container-demuxer-ogg: 62fdf1f143b41e24485cea50d1cbac27 -> 
  custom:video-encoder-webm-vp8: eb34c28f22e8b96e1ab97ce403110664 -> 
  custom:video-decoder-webm-vp8: 9c59270c3fd7afecdb556c50c9e8de78 -> 
  custom:audio-decoder-ogg-vorbis: bf7c407c2cedff20999df2af8eb42d56 -> 
  custom:audio-encoder-webm-vorbis: bf7c407c2cedff20999df2af8eb42d56 -> 
========================================================================
Received Prepare
Registering precompiled user dll's ...
Registered in 0.003841 seconds.
Begin MonoManager ReloadAssembly
Native extension for WindowsStandalone target not found
Refreshing native plugins compatible for Editor in 0.72 ms, found 3 plugins.
Preloading 0 native plugins for Editor in 0.00 ms.
Mono: successfully reloaded assembly
- Completed reload, in  1.257 seconds
Domain Reload Profiling:
	ReloadAssembly (1258ms)
		BeginReloadAssembly (141ms)
			ExecutionOrderSort (0ms)
			DisableScriptedObjects (8ms)
			BackupInstance (0ms)
			ReleaseScriptingObjects (0ms)
			CreateAndSetChildDomain (40ms)
		EndReloadAssembly (1032ms)
			LoadAssemblies (108ms)
			RebuildTransferFunctionScriptingTraits (0ms)
			SetupTypeCache (351ms)
			ReleaseScriptCaches (2ms)
			RebuildScriptCaches (59ms)
			SetupLoadedEditorAssemblies (379ms)
				LogAssemblyErrors (0ms)
				InitializePlatformSupportModulesInManaged (6ms)
				SetLoadedEditorAssemblies (1ms)
				RefreshPlugins (1ms)
				BeforeProcessingInitializeOnLoad (125ms)
				ProcessInitializeOnLoadAttributes (227ms)
				ProcessInitializeOnLoadMethodAttributes (7ms)
				AfterProcessingInitializeOnLoad (11ms)
				EditorAssembliesLoaded (0ms)
			ExecutionOrderSort2 (0ms)
			AwakeInstancesAfterBackupRestoration (15ms)
Platform modules already initialized, skipping
Refreshing native plugins compatible for Editor in 0.84 ms, found 3 plugins.
Preloading 0 native plugins for Editor in 0.00 ms.
Unloading 2086 Unused Serialized files (Serialized files now loaded: 0)
System memory in use before: 96.2 MB.
System memory in use after: 96.3 MB.

Unloading 15 unused Assets to reduce memory usage. Loaded Objects now: 2593.
Total: 4.014200 ms (FindLiveObjects: 0.257100 ms CreateObjectMapping: 0.068700 ms MarkObjects: 3.656900 ms  DeleteObjects: 0.029600 ms)

AssetImportParameters requested are different than current active one (requested -> active):
  custom:framework-win-MediaFoundation: 216162199b28c13a410421893ffa2e32 -> 
  custom:video-decoder-ogg-theora: a1e56fd34408186e4bbccfd4996cb3dc -> 
  custom:container-muxer-webm: aa71ff27fc2769a1b78a27578f13a17b -> 
  custom:container-demuxer-webm: 4f35f7cbe854078d1ac9338744f61a02 -> 
  custom:container-demuxer-ogg: 62fdf1f143b41e24485cea50d1cbac27 -> 
  custom:video-encoder-webm-vp8: eb34c28f22e8b96e1ab97ce403110664 -> 
  custom:video-decoder-webm-vp8: 9c59270c3fd7afecdb556c50c9e8de78 -> 
  custom:audio-decoder-ogg-vorbis: bf7c407c2cedff20999df2af8eb42d56 -> 
  custom:audio-encoder-webm-vorbis: bf7c407c2cedff20999df2af8eb42d56 -> 
========================================================================
Received Prepare
Registering precompiled user dll's ...
Registered in 0.003016 seconds.
Begin MonoManager ReloadAssembly
Native extension for WindowsStandalone target not found
Refreshing native plugins compatible for Editor in 0.77 ms, found 3 plugins.
Preloading 0 native plugins for Editor in 0.00 ms.
Mono: successfully reloaded assembly
- Completed reload, in  1.271 seconds
Domain Reload Profiling:
	ReloadAssembly (1272ms)
		BeginReloadAssembly (155ms)
			ExecutionOrderSort (0ms)
			DisableScriptedObjects (12ms)
			BackupInstance (0ms)
			ReleaseScriptingObjects (0ms)
			CreateAndSetChildDomain (39ms)
		EndReloadAssembly (1031ms)
			LoadAssemblies (120ms)
			RebuildTransferFunctionScriptingTraits (0ms)
			SetupTypeCache (335ms)
			ReleaseScriptCaches (1ms)
			RebuildScriptCaches (61ms)
			SetupLoadedEditorAssemblies (391ms)
				LogAssemblyErrors (0ms)
				InitializePlatformSupportModulesInManaged (6ms)
				SetLoadedEditorAssemblies (1ms)
				RefreshPlugins (1ms)
				BeforeProcessingInitializeOnLoad (129ms)
				ProcessInitializeOnLoadAttributes (234ms)
				ProcessInitializeOnLoadMethodAttributes (8ms)
				AfterProcessingInitializeOnLoad (12ms)
				EditorAssembliesLoaded (0ms)
			ExecutionOrderSort2 (0ms)
			AwakeInstancesAfterBackupRestoration (13ms)
Platform modules already initialized, skipping
Refreshing native plugins compatible for Editor in 0.86 ms, found 3 plugins.
Preloading 0 native plugins for Editor in 0.00 ms.
Unloading 2086 Unused Serialized files (Serialized files now loaded: 0)
System memory in use before: 96.2 MB.
System memory in use after: 96.3 MB.

Unloading 15 unused Assets to reduce memory usage. Loaded Objects now: 2595.
Total: 4.469700 ms (FindLiveObjects: 0.300300 ms CreateObjectMapping: 0.061200 ms MarkObjects: 4.080300 ms  DeleteObjects: 0.026200 ms)

AssetImportParameters requested are different than current active one (requested -> active):
  custom:framework-win-MediaFoundation: 216162199b28c13a410421893ffa2e32 -> 
  custom:video-decoder-ogg-theora: a1e56fd34408186e4bbccfd4996cb3dc -> 
  custom:container-muxer-webm: aa71ff27fc2769a1b78a27578f13a17b -> 
  custom:container-demuxer-webm: 4f35f7cbe854078d1ac9338744f61a02 -> 
  custom:container-demuxer-ogg: 62fdf1f143b41e24485cea50d1cbac27 -> 
  custom:video-encoder-webm-vp8: eb34c28f22e8b96e1ab97ce403110664 -> 
  custom:video-decoder-webm-vp8: 9c59270c3fd7afecdb556c50c9e8de78 -> 
  custom:audio-decoder-ogg-vorbis: bf7c407c2cedff20999df2af8eb42d56 -> 
  custom:audio-encoder-webm-vorbis: bf7c407c2cedff20999df2af8eb42d56 -> 
========================================================================
Received Prepare
Registering precompiled user dll's ...
Registered in 0.003700 seconds.
Begin MonoManager ReloadAssembly
Native extension for WindowsStandalone target not found
Refreshing native plugins compatible for Editor in 0.84 ms, found 3 plugins.
Preloading 0 native plugins for Editor in 0.00 ms.
Mono: successfully reloaded assembly
- Completed reload, in  1.276 seconds
Domain Reload Profiling:
	ReloadAssembly (1276ms)
		BeginReloadAssembly (139ms)
			ExecutionOrderSort (0ms)
			DisableScriptedObjects (8ms)
			BackupInstance (0ms)
			ReleaseScriptingObjects (0ms)
			CreateAndSetChildDomain (39ms)
		EndReloadAssembly (1053ms)
			LoadAssemblies (108ms)
			RebuildTransferFunctionScriptingTraits (0ms)
			SetupTypeCache (347ms)
			ReleaseScriptCaches (1ms)
			RebuildScriptCaches (57ms)
			SetupLoadedEditorAssemblies (392ms)
				LogAssemblyErrors (0ms)
				InitializePlatformSupportModulesInManaged (6ms)
				SetLoadedEditorAssemblies (1ms)
				RefreshPlugins (1ms)
				BeforeProcessingInitializeOnLoad (132ms)
				ProcessInitializeOnLoadAttributes (233ms)
				ProcessInitializeOnLoadMethodAttributes (8ms)
				AfterProcessingInitializeOnLoad (11ms)
				EditorAssembliesLoaded (0ms)
			ExecutionOrderSort2 (0ms)
			AwakeInstancesAfterBackupRestoration (14ms)
Platform modules already initialized, skipping
Refreshing native plugins compatible for Editor in 0.86 ms, found 3 plugins.
Preloading 0 native plugins for Editor in 0.00 ms.
Unloading 2086 Unused Serialized files (Serialized files now loaded: 0)
System memory in use before: 96.2 MB.
System memory in use after: 96.3 MB.

Unloading 15 unused Assets to reduce memory usage. Loaded Objects now: 2597.
Total: 3.854200 ms (FindLiveObjects: 0.259600 ms CreateObjectMapping: 0.056900 ms MarkObjects: 3.509600 ms  DeleteObjects: 0.026200 ms)

AssetImportParameters requested are different than current active one (requested -> active):
  custom:framework-win-MediaFoundation: 216162199b28c13a410421893ffa2e32 -> 
  custom:video-decoder-ogg-theora: a1e56fd34408186e4bbccfd4996cb3dc -> 
  custom:container-muxer-webm: aa71ff27fc2769a1b78a27578f13a17b -> 
  custom:container-demuxer-webm: 4f35f7cbe854078d1ac9338744f61a02 -> 
  custom:container-demuxer-ogg: 62fdf1f143b41e24485cea50d1cbac27 -> 
  custom:video-encoder-webm-vp8: eb34c28f22e8b96e1ab97ce403110664 -> 
  custom:video-decoder-webm-vp8: 9c59270c3fd7afecdb556c50c9e8de78 -> 
  custom:audio-decoder-ogg-vorbis: bf7c407c2cedff20999df2af8eb42d56 -> 
  custom:audio-encoder-webm-vorbis: bf7c407c2cedff20999df2af8eb42d56 -> 
========================================================================
Received Prepare
Registering precompiled user dll's ...
Registered in 0.003289 seconds.
Begin MonoManager ReloadAssembly
Native extension for WindowsStandalone target not found
Refreshing native plugins compatible for Editor in 0.70 ms, found 3 plugins.
Preloading 0 native plugins for Editor in 0.00 ms.
Mono: successfully reloaded assembly
- Completed reload, in  1.244 seconds
Domain Reload Profiling:
	ReloadAssembly (1244ms)
		BeginReloadAssembly (129ms)
			ExecutionOrderSort (0ms)
			DisableScriptedObjects (8ms)
			BackupInstance (0ms)
			ReleaseScriptingObjects (0ms)
			CreateAndSetChildDomain (38ms)
		EndReloadAssembly (1032ms)
			LoadAssemblies (107ms)
			RebuildTransferFunctionScriptingTraits (0ms)
			SetupTypeCache (343ms)
			ReleaseScriptCaches (1ms)
			RebuildScriptCaches (64ms)
			SetupLoadedEditorAssemblies (384ms)
				LogAssemblyErrors (0ms)
				InitializePlatformSupportModulesInManaged (6ms)
				SetLoadedEditorAssemblies (1ms)
				RefreshPlugins (1ms)
				BeforeProcessingInitializeOnLoad (129ms)
				ProcessInitializeOnLoadAttributes (229ms)
				ProcessInitializeOnLoadMethodAttributes (7ms)
				AfterProcessingInitializeOnLoad (11ms)
				EditorAssembliesLoaded (0ms)
			ExecutionOrderSort2 (0ms)
			AwakeInstancesAfterBackupRestoration (13ms)
Platform modules already initialized, skipping
Refreshing native plugins compatible for Editor in 0.77 ms, found 3 plugins.
Preloading 0 native plugins for Editor in 0.00 ms.
Unloading 2086 Unused Serialized files (Serialized files now loaded: 0)
System memory in use before: 96.2 MB.
System memory in use after: 96.3 MB.

Unloading 15 unused Assets to reduce memory usage. Loaded Objects now: 2599.
Total: 3.985700 ms (FindLiveObjects: 0.291800 ms CreateObjectMapping: 0.059300 ms MarkObjects: 3.607100 ms  DeleteObjects: 0.024900 ms)

AssetImportParameters requested are different than current active one (requested -> active):
  custom:framework-win-MediaFoundation: 216162199b28c13a410421893ffa2e32 -> 
  custom:video-decoder-ogg-theora: a1e56fd34408186e4bbccfd4996cb3dc -> 
  custom:container-muxer-webm: aa71ff27fc2769a1b78a27578f13a17b -> 
  custom:container-demuxer-webm: 4f35f7cbe854078d1ac9338744f61a02 -> 
  custom:container-demuxer-ogg: 62fdf1f143b41e24485cea50d1cbac27 -> 
  custom:video-encoder-webm-vp8: eb34c28f22e8b96e1ab97ce403110664 -> 
  custom:video-decoder-webm-vp8: 9c59270c3fd7afecdb556c50c9e8de78 -> 
  custom:audio-decoder-ogg-vorbis: bf7c407c2cedff20999df2af8eb42d56 -> 
  custom:audio-encoder-webm-vorbis: bf7c407c2cedff20999df2af8eb42d56 -> 
========================================================================
Received Prepare
Registering precompiled user dll's ...
Registered in 0.003131 seconds.
Begin MonoManager ReloadAssembly
Native extension for WindowsStandalone target not found
Refreshing native plugins compatible for Editor in 0.70 ms, found 3 plugins.
Preloading 0 native plugins for Editor in 0.00 ms.
Mono: successfully reloaded assembly
- Completed reload, in  1.259 seconds
Domain Reload Profiling:
	ReloadAssembly (1259ms)
		BeginReloadAssembly (146ms)
			ExecutionOrderSort (0ms)
			DisableScriptedObjects (9ms)
			BackupInstance (0ms)
			ReleaseScriptingObjects (0ms)
			CreateAndSetChildDomain (40ms)
		EndReloadAssembly (1031ms)
			LoadAssemblies (117ms)
			RebuildTransferFunctionScriptingTraits (0ms)
			SetupTypeCache (338ms)
			ReleaseScriptCaches (1ms)
			RebuildScriptCaches (59ms)
			SetupLoadedEditorAssemblies (395ms)
				LogAssemblyErrors (0ms)
				InitializePlatformSupportModulesInManaged (6ms)
				SetLoadedEditorAssemblies (1ms)
				RefreshPlugins (1ms)
				BeforeProcessingInitializeOnLoad (137ms)
				ProcessInitializeOnLoadAttributes (233ms)
				ProcessInitializeOnLoadMethodAttributes (7ms)
				AfterProcessingInitializeOnLoad (11ms)
				EditorAssembliesLoaded (0ms)
			ExecutionOrderSort2 (0ms)
			AwakeInstancesAfterBackupRestoration (13ms)
Platform modules already initialized, skipping
Refreshing native plugins compatible for Editor in 0.78 ms, found 3 plugins.
Preloading 0 native plugins for Editor in 0.00 ms.
Unloading 2086 Unused Serialized files (Serialized files now loaded: 0)
System memory in use before: 96.2 MB.
System memory in use after: 96.3 MB.

Unloading 15 unused Assets to reduce memory usage. Loaded Objects now: 2601.
Total: 3.578900 ms (FindLiveObjects: 0.297300 ms CreateObjectMapping: 0.063300 ms MarkObjects: 3.199300 ms  DeleteObjects: 0.017800 ms)

AssetImportParameters requested are different than current active one (requested -> active):
  custom:framework-win-MediaFoundation: 216162199b28c13a410421893ffa2e32 -> 
  custom:video-decoder-ogg-theora: a1e56fd34408186e4bbccfd4996cb3dc -> 
  custom:container-muxer-webm: aa71ff27fc2769a1b78a27578f13a17b -> 
  custom:container-demuxer-webm: 4f35f7cbe854078d1ac9338744f61a02 -> 
  custom:container-demuxer-ogg: 62fdf1f143b41e24485cea50d1cbac27 -> 
  custom:video-encoder-webm-vp8: eb34c28f22e8b96e1ab97ce403110664 -> 
  custom:video-decoder-webm-vp8: 9c59270c3fd7afecdb556c50c9e8de78 -> 
  custom:audio-decoder-ogg-vorbis: bf7c407c2cedff20999df2af8eb42d56 -> 
  custom:audio-encoder-webm-vorbis: bf7c407c2cedff20999df2af8eb42d56 -> 
AssetImportWorkerClient::OnTransportError - code=2 error=End of file
